Log file open, 07/11/20 12:39:11
LogWindows: Failed to load 'aqProf.dll' (GetLastError=126)
LogWindows: File 'aqProf.dll' does not exist
LogWindows: Failed to load 'VtuneApi.dll' (GetLastError=126)
LogWindows: File 'VtuneApi.dll' does not exist
LogWindows: Failed to load 'VtuneApi32e.dll' (GetLastError=126)
LogWindows: File 'VtuneApi32e.dll' does not exist
LogConsoleResponse: Display: Failed to find resolution value strings in scalability ini. Falling back to default.
LogInit: Display: Running engine for game: KokkieGameJam
LogPlatformFile: Not using cached read wrapper
LogTaskGraph: Started task graph with 5 named threads and 23 total threads with 3 sets of task threads.
LogStats: Stats thread started at 0.080279
LogD3D11RHI: Loaded GFSDK_Aftermath_Lib.x64.dll
LogICUInternationalization: ICU TimeZone Detection - Raw Offset: +1:00, Platform Override: ''
LogPluginManager: Mounting plugin Paper2D
LogPluginManager: Mounting plugin AISupport
LogPluginManager: Mounting plugin LightPropagationVolume
LogPluginManager: Mounting plugin ActorLayerUtilities
LogPluginManager: Mounting plugin AnimationSharing
LogPluginManager: Mounting plugin CLionSourceCodeAccess
LogPluginManager: Mounting plugin CodeLiteSourceCodeAccess
LogPluginManager: Mounting plugin GitSourceControl
LogPluginManager: Mounting plugin KDevelopSourceCodeAccess
LogPluginManager: Mounting plugin NullSourceCodeAccess
LogPluginManager: Mounting plugin PerforceSourceControl
LogPluginManager: Mounting plugin PlasticSourceControl
LogPluginManager: Mounting plugin SubversionSourceControl
LogPluginManager: Mounting plugin UObjectPlugin
LogPluginManager: Mounting plugin VisualStudioCodeSourceCodeAccess
LogPluginManager: Mounting plugin VisualStudioSourceCodeAccess
LogPluginManager: Mounting plugin XCodeSourceCodeAccess
LogPluginManager: Mounting plugin AssetManagerEditor
LogPluginManager: Mounting plugin CryptoKeys
LogPluginManager: Mounting plugin CurveEditorTools
LogPluginManager: Mounting plugin DataValidation
LogPluginManager: Mounting plugin FacialAnimation
LogPluginManager: Mounting plugin GameplayTagsEditor
LogPluginManager: Mounting plugin MacGraphicsSwitching
LogPluginManager: Mounting plugin MaterialAnalyzer
LogPluginManager: Mounting plugin MobileLauncherProfileWizard
LogPluginManager: Mounting plugin PluginBrowser
LogPluginManager: Mounting plugin SpeedTreeImporter
LogPluginManager: Mounting plugin DatasmithContent
LogPluginManager: Mounting plugin VariantManagerContent
LogPluginManager: Mounting plugin AlembicImporter
LogPluginManager: Mounting plugin AutomationUtils
LogPluginManager: Mounting plugin BackChannel
LogPluginManager: Mounting plugin CharacterAI
LogPluginManager: Mounting plugin GeometryCache
LogPluginManager: Mounting plugin PlatformCrypto
LogPluginManager: Mounting plugin ProxyLODPlugin
LogPluginManager: Mounting plugin SkeletalReduction
LogPluginManager: Mounting plugin MagicLeap
LogPluginManager: Mounting plugin MagicLeapMedia
LogPluginManager: Mounting plugin MLSDK
LogPluginManager: Mounting plugin AndroidMedia
LogPluginManager: Mounting plugin AvfMedia
LogPluginManager: Mounting plugin ImgMedia
LogPluginManager: Mounting plugin MediaCompositing
LogPluginManager: Mounting plugin MediaPlayerEditor
LogPluginManager: Mounting plugin WebMMedia
LogPluginManager: Mounting plugin WmfMedia
LogPluginManager: Mounting plugin TcpMessaging
LogPluginManager: Mounting plugin UdpMessaging
LogPluginManager: Mounting plugin ActorSequence
LogPluginManager: Mounting plugin LevelSequenceEditor
LogPluginManager: Mounting plugin MatineeToLevelSequence
LogPluginManager: Mounting plugin NetcodeUnitTest
LogPluginManager: Mounting plugin NUTUnrealEngine4
LogPluginManager: Mounting plugin OnlineSubsystemGooglePlay
LogPluginManager: Mounting plugin OnlineSubsystemIOS
LogPluginManager: Mounting plugin OnlineSubsystem
LogPluginManager: Mounting plugin OnlineSubsystemNull
LogPluginManager: Mounting plugin OnlineSubsystemUtils
LogPluginManager: Mounting plugin LauncherChunkInstaller
LogPluginManager: Mounting plugin AndroidDeviceProfileSelector
LogPluginManager: Mounting plugin AndroidMoviePlayer
LogPluginManager: Mounting plugin AndroidPermission
LogPluginManager: Mounting plugin AppleImageUtils
LogPluginManager: Mounting plugin AppleMoviePlayer
LogPluginManager: Mounting plugin ArchVisCharacter
LogPluginManager: Mounting plugin AssetTags
LogPluginManager: Mounting plugin AudioCapture
LogPluginManager: Mounting plugin CableComponent
LogPluginManager: Mounting plugin CustomMeshComponent
LogPluginManager: Mounting plugin EditableMesh
LogPluginManager: Mounting plugin ExampleDeviceProfileSelector
LogPluginManager: Mounting plugin GoogleCloudMessaging
LogPluginManager: Mounting plugin IOSDeviceProfileSelector
LogPluginManager: Mounting plugin LinuxDeviceProfileSelector
LogPluginManager: Mounting plugin LocationServicesBPLibrary
LogPluginManager: Mounting plugin MobilePatchingUtils
LogPluginManager: Mounting plugin OculusVR
LogPluginManager: Mounting plugin PhysXVehicles
LogPluginManager: Mounting plugin PostSplashScreen
LogPluginManager: Mounting plugin ProceduralMeshComponent
LogPluginManager: Mounting plugin RuntimePhysXCooking
LogPluginManager: Mounting plugin SignificanceManager
LogPluginManager: Mounting plugin SteamVR
LogPluginManager: Mounting plugin WebMMoviePlayer
LogPluginManager: Mounting plugin WindowsMoviePlayer
LogPluginManager: Mounting plugin ScreenshotTools
LogInit: Using libcurl 7.55.1-DEV
LogInit:  - built for x86_64-pc-win32
LogInit:  - supports SSL with OpenSSL/1.1.1
LogInit:  - supports HTTP deflate (compression) using libz 1.2.8
LogInit:  - other features:
LogInit:      CURL_VERSION_SSL
LogInit:      CURL_VERSION_LIBZ
LogInit:      CURL_VERSION_IPV6
LogInit:      CURL_VERSION_ASYNCHDNS
LogInit:      CURL_VERSION_LARGEFILE
LogInit:      CURL_VERSION_IDN
LogInit:  CurlRequestOptions (configurable via config and command line):
LogInit:  - bVerifyPeer = true  - Libcurl will verify peer certificate
LogInit:  - bUseHttpProxy = false  - Libcurl will NOT use HTTP proxy
LogInit:  - bDontReuseConnections = false  - Libcurl will reuse connections
LogInit:  - MaxHostConnections = 16  - Libcurl will limit the number of connections to a host
LogInit:  - LocalHostAddr = Default
LogInit:  - BufferSize = 65536
LogOnline: OSS: Creating online subsystem instance for: NULL
LogInit: WinSock: version 1.1 (2.2), MaxSocks=32767, MaxUdp=65467
LogOnline: OSS: TryLoadSubsystemAndSetDefault: Loaded subsystem for module [NULL]
LogInit: Build: ++UE4+Release-4.24-CL-11590370
LogInit: Engine Version: 4.24.3-11590370+++UE4+Release-4.24
LogInit: Compatible Engine Version: 4.24.0-10570792+++UE4+Release-4.24
LogInit: Net CL: 10570792
LogInit: OS: Windows 10 (Release 1903) (), CPU: Intel(R) Core(TM) i7-4770 CPU @ 3.40GHz, GPU: NVIDIA GeForce GTX 1660 SUPER
LogInit: Compiled (64-bit): Feb 24 2020 15:39:18
LogInit: Compiled with Visual C++: 19.16.27032.01
LogInit: Build Configuration: Development
LogInit: Branch Name: ++UE4+Release-4.24
LogInit: Command Line: 
LogInit: Base Directory: D:/Unreal/UE_4.24/Engine/Binaries/Win64/
LogInit: Installed Engine Build: 1
LogDevObjectVersion: Number of dev versions registered: 25
LogDevObjectVersion:   Dev-Blueprints (B0D832E4-1F89-4F0D-ACCF-7EB736FD4AA2): 10
LogDevObjectVersion:   Dev-Build (E1C64328-A22C-4D53-A36C-8E866417BD8C): 0
LogDevObjectVersion:   Dev-Core (375EC13C-06E4-48FB-B500-84F0262A717E): 3
LogDevObjectVersion:   Dev-Editor (E4B068ED-F494-42E9-A231-DA0B2E46BB41): 37
LogDevObjectVersion:   Dev-Framework (CFFC743F-43B0-4480-9391-14DF171D2073): 36
LogDevObjectVersion:   Dev-Mobile (B02B49B5-BB20-44E9-A304-32B752E40360): 2
LogDevObjectVersion:   Dev-Networking (A4E4105C-59A1-49B5-A7C5-40C4547EDFEE): 0
LogDevObjectVersion:   Dev-Online (39C831C9-5AE6-47DC-9A44-9C173E1C8E7C): 0
LogDevObjectVersion:   Dev-Physics (78F01B33-EBEA-4F98-B9B4-84EACCB95AA2): 2
LogDevObjectVersion:   Dev-Platform (6631380F-2D4D-43E0-8009-CF276956A95A): 0
LogDevObjectVersion:   Dev-Rendering (12F88B9F-8875-4AFC-A67C-D90C383ABD29): 36
LogDevObjectVersion:   Dev-Sequencer (7B5AE74C-D270-4C10-A958-57980B212A5A): 11
LogDevObjectVersion:   Dev-VR (D7296918-1DD6-4BDD-9DE2-64A83CC13884): 2
LogDevObjectVersion:   Dev-LoadTimes (C2A15278-BFE7-4AFE-6C17-90FF531DF755): 1
LogDevObjectVersion:   Private-Geometry (6EACA3D4-40EC-4CC1-B786-8BED09428FC5): 3
LogDevObjectVersion:   Dev-AnimPhys (29E575DD-E0A3-4627-9D10-D276232CDCEA): 17
LogDevObjectVersion:   Dev-Anim (AF43A65D-7FD3-4947-9873-3E8ED9C1BB05): 2
LogDevObjectVersion:   Dev-ReflectionCapture (6B266CEC-1EC7-4B8F-A30B-E4D90942FC07): 1
LogDevObjectVersion:   Dev-Automation (0DF73D61-A23F-47EA-B727-89E90C41499A): 1
LogDevObjectVersion:   FortniteMain (601D1886-AC64-4F84-AA16-D3DE0DEAC7D6): 31
LogDevObjectVersion:   Dev-Enterprise (9DFFBCD6-494F-0158-E221-12823C92A888): 8
LogDevObjectVersion:   Dev-Niagara (F2AED0AC-9AFE-416F-8664-AA7FFA26D6FC): 1
LogDevObjectVersion:   Dev-Destruction (174F1F0B-B4C6-45A5-B13F-2EE8D0FB917D): 9
LogDevObjectVersion:   Dev-Physics-Ext (35F94A83-E258-406C-A318-09F59610247C): 8
LogDevObjectVersion:   Dev-CineCamera (B2E18506-4273-CFC2-A54E-F4BB758BBA07): 1
LogInit: Presizing for max 25165824 objects, including 0 objects not considered by GC, pre-allocating 0 bytes for permanent pool.
LogInit: Object subsystem initialized
LogConfig: Setting CVar [[con.DebugEarlyDefault:1]]
LogConfig: Setting CVar [[r.setres:1280x720]]
[2020.07.11-10.39.11:351][  0]LogConfig: Setting CVar [[r.VSync:0]]
[2020.07.11-10.39.11:351][  0]LogConfig: Setting CVar [[r.RHICmdBypass:0]]
[2020.07.11-10.39.11:351][  0]LogConfig: Applying CVar settings from Section [/Script/Engine.RendererSettings] File [D:/Local Files/Documenten/School/UDC/UntitledDungeonCrawler/KokkieGameJam2020/KokkieGameJam2020/KokkieGameJam/Saved/Config/Windows/Engine.ini]
[2020.07.11-10.39.11:351][  0]LogConfig: Setting CVar [[r.GPUCrashDebugging:0]]
[2020.07.11-10.39.11:351][  0]LogConfig: Setting CVar [[r.MobileHDR:1]]
[2020.07.11-10.39.11:351][  0]LogConfig: Setting CVar [[r.Mobile.DisableVertexFog:1]]
[2020.07.11-10.39.11:351][  0]LogConfig: Setting CVar [[r.Shadow.CSM.MaxMobileCascades:2]]
[2020.07.11-10.39.11:351][  0]LogConfig: Setting CVar [[r.MobileMSAA:1]]
[2020.07.11-10.39.11:351][  0]LogConfig: Setting CVar [[r.Mobile.UseLegacyShadingModel:0]]
[2020.07.11-10.39.11:351][  0]LogConfig: Setting CVar [[r.Mobile.UseHWsRGBEncoding:0]]
[2020.07.11-10.39.11:351][  0]LogConfig: Setting CVar [[r.Mobile.AllowDitheredLODTransition:0]]
[2020.07.11-10.39.11:351][  0]LogConfig: Setting CVar [[r.Mobile.AllowSoftwareOcclusion:0]]
[2020.07.11-10.39.11:351][  0]LogConfig: Setting CVar [[r.DiscardUnusedQuality:0]]
[2020.07.11-10.39.11:351][  0]LogConfig: Setting CVar [[r.AllowOcclusionQueries:1]]
[2020.07.11-10.39.11:351][  0]LogConfig: Setting CVar [[r.MinScreenRadiusForLights:0.030000]]
[2020.07.11-10.39.11:351][  0]LogConfig: Setting CVar [[r.MinScreenRadiusForDepthPrepass:0.030000]]
[2020.07.11-10.39.11:351][  0]LogConfig: Setting CVar [[r.MinScreenRadiusForCSMDepth:0.010000]]
[2020.07.11-10.39.11:351][  0]LogConfig: Setting CVar [[r.PrecomputedVisibilityWarning:0]]
[2020.07.11-10.39.11:351][  0]LogConfig: Setting CVar [[r.TextureStreaming:1]]
[2020.07.11-10.39.11:351][  0]LogConfig: Setting CVar [[Compat.UseDXT5NormalMaps:0]]
[2020.07.11-10.39.11:351][  0]LogConfig: Setting CVar [[r.VirtualTextures:0]]
[2020.07.11-10.39.11:351][  0]LogConfig: Setting CVar [[r.VirtualTexturedLightmaps:0]]
[2020.07.11-10.39.11:351][  0]LogConfig: Setting CVar [[r.VT.TileSize:128]]
[2020.07.11-10.39.11:351][  0]LogConfig: Setting CVar [[r.VT.TileBorderSize:4]]
[2020.07.11-10.39.11:351][  0]LogConfig: Setting CVar [[r.vt.FeedbackFactor:16]]
[2020.07.11-10.39.11:351][  0]LogConfig: Setting CVar [[r.VT.EnableCompressZlib:1]]
[2020.07.11-10.39.11:351][  0]LogConfig: Setting CVar [[r.VT.EnableCompressCrunch:0]]
[2020.07.11-10.39.11:351][  0]LogConfig: Setting CVar [[r.ClearCoatNormal:0]]
[2020.07.11-10.39.11:351][  0]LogConfig: Setting CVar [[r.ReflectionCaptureResolution:128]]
[2020.07.11-10.39.11:351][  0]LogConfig: Setting CVar [[r.ReflectionEnvironmentLightmapMixBasedOnRoughness:1]]
[2020.07.11-10.39.11:351][  0]LogConfig: Setting CVar [[r.ForwardShading:0]]
[2020.07.11-10.39.11:351][  0]LogConfig: Setting CVar [[r.VertexFoggingForOpaque:1]]
[2020.07.11-10.39.11:351][  0]LogConfig: Setting CVar [[r.AllowStaticLighting:1]]
[2020.07.11-10.39.11:351][  0]LogConfig: Setting CVar [[r.NormalMapsForStaticLighting:0]]
[2020.07.11-10.39.11:351][  0]LogConfig: Setting CVar [[r.GenerateMeshDistanceFields:0]]
[2020.07.11-10.39.11:351][  0]LogConfig: Setting CVar [[r.DistanceFieldBuild.EightBit:0]]
[2020.07.11-10.39.11:351][  0]LogConfig: Setting CVar [[r.GenerateLandscapeGIData:0]]
[2020.07.11-10.39.11:351][  0]LogConfig: Setting CVar [[r.DistanceFieldBuild.Compress:0]]
[2020.07.11-10.39.11:351][  0]LogConfig: Setting CVar [[r.TessellationAdaptivePixelsPerTriangle:48.000000]]
[2020.07.11-10.39.11:351][  0]LogConfig: Setting CVar [[r.SeparateTranslucency:1]]
[2020.07.11-10.39.11:351][  0]LogConfig: Setting CVar [[r.TranslucentSortPolicy:0]]
[2020.07.11-10.39.11:351][  0]LogConfig: Setting CVar [[r.CustomDepth:1]]
[2020.07.11-10.39.11:351][  0]LogConfig: Setting CVar [[r.CustomDepthTemporalAAJitter:1]]
[2020.07.11-10.39.11:351][  0]LogConfig: Setting CVar [[r.PostProcessing.PropagateAlpha:0]]
[2020.07.11-10.39.11:351][  0]LogConfig: Setting CVar [[r.DefaultFeature.Bloom:1]]
[2020.07.11-10.39.11:351][  0]LogConfig: Setting CVar [[r.DefaultFeature.AmbientOcclusion:1]]
[2020.07.11-10.39.11:351][  0]LogConfig: Setting CVar [[r.DefaultFeature.AmbientOcclusionStaticFraction:1]]
[2020.07.11-10.39.11:351][  0]LogConfig: Setting CVar [[r.DefaultFeature.AutoExposure:0]]
[2020.07.11-10.39.11:351][  0]LogConfig: Setting CVar [[r.DefaultFeature.AutoExposure.Method:0]]
[2020.07.11-10.39.11:351][  0]LogConfig: Setting CVar [[r.DefaultFeature.AutoExposure.ExtendDefaultLuminanceRange:0]]
[2020.07.11-10.39.11:351][  0]LogConfig: Setting CVar [[r.UsePreExposure:1]]
[2020.07.11-10.39.11:351][  0]LogConfig: Setting CVar [[r.EyeAdaptation.EditorOnly:1]]
[2020.07.11-10.39.11:351][  0]LogConfig: Setting CVar [[r.DefaultFeature.MotionBlur:0]]
[2020.07.11-10.39.11:352][  0]LogConfig: Setting CVar [[r.DefaultFeature.LensFlare:0]]
[2020.07.11-10.39.11:352][  0]LogConfig: Setting CVar [[r.TemporalAA.Upsampling:0]]
[2020.07.11-10.39.11:352][  0]LogConfig: Setting CVar [[r.SSGI.Enable:0]]
[2020.07.11-10.39.11:352][  0]LogConfig: Setting CVar [[r.DefaultFeature.AntiAliasing:0]]
[2020.07.11-10.39.11:352][  0]LogConfig: Setting CVar [[r.DefaultFeature.LightUnits:1]]
[2020.07.11-10.39.11:352][  0]LogConfig: Setting CVar [[r.DefaultBackBufferPixelFormat:4]]
[2020.07.11-10.39.11:352][  0]LogConfig: Setting CVar [[r.Shadow.UnbuiltPreviewInGame:1]]
[2020.07.11-10.39.11:352][  0]LogConfig: Setting CVar [[r.StencilForLODDither:0]]
[2020.07.11-10.39.11:352][  0]LogConfig: Setting CVar [[r.EarlyZPass:3]]
[2020.07.11-10.39.11:352][  0]LogConfig: Setting CVar [[r.EarlyZPassOnlyMaterialMasking:0]]
[2020.07.11-10.39.11:352][  0]LogConfig: Setting CVar [[r.DBuffer:1]]
[2020.07.11-10.39.11:352][  0]LogConfig: Setting CVar [[r.ClearSceneMethod:1]]
[2020.07.11-10.39.11:352][  0]LogConfig: Setting CVar [[r.BasePassOutputsVelocity:0]]
[2020.07.11-10.39.11:352][  0]LogConfig: Setting CVar [[r.SelectiveBasePassOutputs:0]]
[2020.07.11-10.39.11:352][  0]LogConfig: Setting CVar [[fx.GPUSimulationTextureSizeX:1024]]
[2020.07.11-10.39.11:352][  0]LogConfig: Setting CVar [[fx.GPUSimulationTextureSizeY:1024]]
[2020.07.11-10.39.11:352][  0]LogConfig: Setting CVar [[r.AllowGlobalClipPlane:0]]
[2020.07.11-10.39.11:352][  0]LogConfig: Setting CVar [[r.GBufferFormat:1]]
[2020.07.11-10.39.11:352][  0]LogConfig: Setting CVar [[r.MorphTarget.Mode:1]]
[2020.07.11-10.39.11:352][  0]LogConfig: Setting CVar [[vr.InstancedStereo:0]]
[2020.07.11-10.39.11:352][  0]LogConfig: Setting CVar [[vr.MultiView:0]]
[2020.07.11-10.39.11:352][  0]LogConfig: Setting CVar [[vr.MobileMultiView:0]]
[2020.07.11-10.39.11:352][  0]LogConfig: Setting CVar [[vr.MobileMultiView.Direct:0]]
[2020.07.11-10.39.11:352][  0]LogConfig: Setting CVar [[vr.RoundRobinOcclusion:0]]
[2020.07.11-10.39.11:352][  0]LogConfig: Setting CVar [[vr.ODSCapture:0]]
[2020.07.11-10.39.11:352][  0]LogConfig: Setting CVar [[r.WireframeCullThreshold:5.000000]]
[2020.07.11-10.39.11:352][  0]LogConfig: Setting CVar [[r.RayTracing:0]]
[2020.07.11-10.39.11:352][  0]LogConfig: Setting CVar [[r.RayTracing.UseTextureLod:0]]
[2020.07.11-10.39.11:352][  0]LogConfig: Setting CVar [[r.SupportStationarySkylight:1]]
[2020.07.11-10.39.11:352][  0]LogConfig: Setting CVar [[r.SupportLowQualityLightmaps:1]]
[2020.07.11-10.39.11:352][  0]LogConfig: Setting CVar [[r.SupportPointLightWholeSceneShadows:1]]
[2020.07.11-10.39.11:352][  0]LogConfig: Setting CVar [[r.SupportAtmosphericFog:1]]
[2020.07.11-10.39.11:352][  0]LogConfig: Setting CVar [[r.SupportSkyAtmosphere:1]]
[2020.07.11-10.39.11:352][  0]LogConfig: Setting CVar [[r.SupportSkyAtmosphereAffectsHeightFog:0]]
[2020.07.11-10.39.11:352][  0]LogConfig: Setting CVar [[r.SkinCache.CompileShaders:0]]
[2020.07.11-10.39.11:352][  0]LogConfig: Setting CVar [[r.Mobile.EnableStaticAndCSMShadowReceivers:1]]
[2020.07.11-10.39.11:352][  0]LogConfig: Setting CVar [[r.Mobile.EnableMovableLightCSMShaderCulling:1]]
[2020.07.11-10.39.11:352][  0]LogConfig: Setting CVar [[r.Mobile.AllowDistanceFieldShadows:1]]
[2020.07.11-10.39.11:352][  0]LogConfig: Setting CVar [[r.Mobile.AllowMovableDirectionalLights:1]]
[2020.07.11-10.39.11:352][  0]LogConfig: Setting CVar [[r.MobileNumDynamicPointLights:4]]
[2020.07.11-10.39.11:352][  0]LogConfig: Setting CVar [[r.MobileDynamicPointLightsUseStaticBranch:1]]
[2020.07.11-10.39.11:352][  0]LogConfig: Setting CVar [[r.Mobile.EnableMovableSpotlights:0]]
[2020.07.11-10.39.11:352][  0]LogConfig: Setting CVar [[r.SkinCache.SceneMemoryLimitInMB:128.000000]]
[2020.07.11-10.39.11:352][  0]LogConfig: Setting CVar [[r.GPUSkin.Limit2BoneInfluences:0]]
[2020.07.11-10.39.11:352][  0]LogConfig: Setting CVar [[r.SupportDepthOnlyIndexBuffers:1]]
[2020.07.11-10.39.11:352][  0]LogConfig: Setting CVar [[r.SupportReversedIndexBuffers:1]]
[2020.07.11-10.39.11:352][  0]LogConfig: Setting CVar [[r.SupportMaterialLayers:0]]
[2020.07.11-10.39.11:352][  0]LogConfig: Setting CVar [[r.LightPropagationVolume:0]]
[2020.07.11-10.39.11:352][  0]LogConfig: Applying CVar settings from Section [/Script/Engine.RendererOverrideSettings] File [D:/Local Files/Documenten/School/UDC/UntitledDungeonCrawler/KokkieGameJam2020/KokkieGameJam2020/KokkieGameJam/Saved/Config/Windows/Engine.ini]
[2020.07.11-10.39.11:352][  0]LogConfig: Applying CVar settings from Section [/Script/Engine.StreamingSettings] File [D:/Local Files/Documenten/School/UDC/UntitledDungeonCrawler/KokkieGameJam2020/KokkieGameJam2020/KokkieGameJam/Saved/Config/Windows/Engine.ini]
[2020.07.11-10.39.11:352][  0]LogConfig: Setting CVar [[s.MinBulkDataSizeForAsyncLoading:131072]]
[2020.07.11-10.39.11:352][  0]LogConfig: Setting CVar [[s.AsyncLoadingThreadEnabled:0]]
[2020.07.11-10.39.11:352][  0]LogConfig: Setting CVar [[s.EventDrivenLoaderEnabled:1]]
[2020.07.11-10.39.11:352][  0]LogConfig: Setting CVar [[s.WarnIfTimeLimitExceeded:0]]
[2020.07.11-10.39.11:352][  0]LogConfig: Setting CVar [[s.TimeLimitExceededMultiplier:1.5]]
[2020.07.11-10.39.11:352][  0]LogConfig: Setting CVar [[s.TimeLimitExceededMinTime:0.005]]
[2020.07.11-10.39.11:352][  0]LogConfig: Setting CVar [[s.UseBackgroundLevelStreaming:1]]
[2020.07.11-10.39.11:352][  0]LogConfig: Setting CVar [[s.PriorityAsyncLoadingExtraTime:15.0]]
[2020.07.11-10.39.11:352][  0]LogConfig: Setting CVar [[s.LevelStreamingActorsUpdateTimeLimit:5.0]]
[2020.07.11-10.39.11:352][  0]LogConfig: Setting CVar [[s.PriorityLevelStreamingActorsUpdateExtraTime:5.0]]
[2020.07.11-10.39.11:352][  0]LogConfig: Setting CVar [[s.LevelStreamingComponentsRegistrationGranularity:10]]
[2020.07.11-10.39.11:352][  0]LogConfig: Setting CVar [[s.UnregisterComponentsTimeLimit:1.0]]
[2020.07.11-10.39.11:352][  0]LogConfig: Setting CVar [[s.LevelStreamingComponentsUnregistrationGranularity:5]]
[2020.07.11-10.39.11:352][  0]LogConfig: Setting CVar [[s.FlushStreamingOnExit:1]]
[2020.07.11-10.39.11:352][  0]LogConfig: Applying CVar settings from Section [/Script/Engine.GarbageCollectionSettings] File [D:/Local Files/Documenten/School/UDC/UntitledDungeonCrawler/KokkieGameJam2020/KokkieGameJam2020/KokkieGameJam/Saved/Config/Windows/Engine.ini]
[2020.07.11-10.39.11:352][  0]LogConfig: Setting CVar [[gc.MaxObjectsNotConsideredByGC:1]]
[2020.07.11-10.39.11:352][  0]LogConfig: Setting CVar [[gc.SizeOfPermanentObjectPool:0]]
[2020.07.11-10.39.11:352][  0]LogConfig: Setting CVar [[gc.FlushStreamingOnGC:0]]
[2020.07.11-10.39.11:352][  0]LogConfig: Setting CVar [[gc.NumRetriesBeforeForcingGC:10]]
[2020.07.11-10.39.11:352][  0]LogConfig: Setting CVar [[gc.AllowParallelGC:1]]
[2020.07.11-10.39.11:352][  0]LogConfig: Setting CVar [[gc.TimeBetweenPurgingPendingKillObjects:61.1]]
[2020.07.11-10.39.11:353][  0]LogConfig: Setting CVar [[gc.MaxObjectsInEditor:25165824]]
[2020.07.11-10.39.11:353][  0]LogConfig: Setting CVar [[gc.IncrementalBeginDestroyEnabled:1]]
[2020.07.11-10.39.11:353][  0]LogConfig: Setting CVar [[gc.CreateGCClusters:1]]
[2020.07.11-10.39.11:353][  0]LogConfig: Setting CVar [[gc.MinGCClusterSize:5]]
[2020.07.11-10.39.11:353][  0]LogConfig: Setting CVar [[gc.ActorClusteringEnabled:0]]
[2020.07.11-10.39.11:353][  0]LogConfig: Setting CVar [[gc.BlueprintClusteringEnabled:0]]
[2020.07.11-10.39.11:353][  0]LogConfig: Setting CVar [[gc.UseDisregardForGCOnDedicatedServers:0]]
[2020.07.11-10.39.11:353][  0]LogConfig: Applying CVar settings from Section [/Script/Engine.NetworkSettings] File [D:/Local Files/Documenten/School/UDC/UntitledDungeonCrawler/KokkieGameJam2020/KokkieGameJam2020/KokkieGameJam/Saved/Config/Windows/Engine.ini]
[2020.07.11-10.39.11:353][  0]LogConfig: Applying CVar settings from Section [/Script/UnrealEd.CookerSettings] File [D:/Local Files/Documenten/School/UDC/UntitledDungeonCrawler/KokkieGameJam2020/KokkieGameJam2020/KokkieGameJam/Saved/Config/Windows/Engine.ini]
[2020.07.11-10.39.11:357][  0]LogConfig: Applying CVar settings from Section [ViewDistanceQuality@3] File [D:/Local Files/Documenten/School/UDC/UntitledDungeonCrawler/KokkieGameJam2020/KokkieGameJam2020/KokkieGameJam/Saved/Config/Windows/Scalability.ini]
[2020.07.11-10.39.11:357][  0]LogConfig: Setting CVar [[r.SkeletalMeshLODBias:0]]
[2020.07.11-10.39.11:357][  0]LogConfig: Setting CVar [[r.ViewDistanceScale:1.0]]
[2020.07.11-10.39.11:357][  0]LogConfig: Applying CVar settings from Section [AntiAliasingQuality@3] File [D:/Local Files/Documenten/School/UDC/UntitledDungeonCrawler/KokkieGameJam2020/KokkieGameJam2020/KokkieGameJam/Saved/Config/Windows/Scalability.ini]
[2020.07.11-10.39.11:357][  0]LogConfig: Setting CVar [[r.PostProcessAAQuality:4]]
[2020.07.11-10.39.11:357][  0]LogConfig: Applying CVar settings from Section [ShadowQuality@3] File [D:/Local Files/Documenten/School/UDC/UntitledDungeonCrawler/KokkieGameJam2020/KokkieGameJam2020/KokkieGameJam/Saved/Config/Windows/Scalability.ini]
[2020.07.11-10.39.11:357][  0]LogConfig: Setting CVar [[r.LightFunctionQuality:1]]
[2020.07.11-10.39.11:357][  0]LogConfig: Setting CVar [[r.ShadowQuality:5]]
[2020.07.11-10.39.11:357][  0]LogConfig: Setting CVar [[r.Shadow.CSM.MaxCascades:10]]
[2020.07.11-10.39.11:358][  0]LogConfig: Setting CVar [[r.Shadow.MaxResolution:2048]]
[2020.07.11-10.39.11:358][  0]LogConfig: Setting CVar [[r.Shadow.MaxCSMResolution:2048]]
[2020.07.11-10.39.11:358][  0]LogConfig: Setting CVar [[r.Shadow.RadiusThreshold:0.01]]
[2020.07.11-10.39.11:358][  0]LogConfig: Setting CVar [[r.Shadow.DistanceScale:1.0]]
[2020.07.11-10.39.11:358][  0]LogConfig: Setting CVar [[r.Shadow.CSM.TransitionScale:1.0]]
[2020.07.11-10.39.11:358][  0]LogConfig: Setting CVar [[r.Shadow.PreShadowResolutionFactor:1.0]]
[2020.07.11-10.39.11:358][  0]LogConfig: Setting CVar [[r.DistanceFieldShadowing:1]]
[2020.07.11-10.39.11:358][  0]LogConfig: Setting CVar [[r.DistanceFieldAO:1]]
[2020.07.11-10.39.11:358][  0]LogConfig: Setting CVar [[r.AOQuality:2]]
[2020.07.11-10.39.11:358][  0]LogConfig: Setting CVar [[r.VolumetricFog:1]]
[2020.07.11-10.39.11:358][  0]LogConfig: Setting CVar [[r.VolumetricFog.GridPixelSize:8]]
[2020.07.11-10.39.11:358][  0]LogConfig: Setting CVar [[r.VolumetricFog.GridSizeZ:128]]
[2020.07.11-10.39.11:358][  0]LogConfig: Setting CVar [[r.VolumetricFog.HistoryMissSupersampleCount:4]]
[2020.07.11-10.39.11:358][  0]LogConfig: Setting CVar [[r.LightMaxDrawDistanceScale:1]]
[2020.07.11-10.39.11:358][  0]LogConfig: Setting CVar [[r.CapsuleShadows:1]]
[2020.07.11-10.39.11:358][  0]LogConfig: Applying CVar settings from Section [PostProcessQuality@3] File [D:/Local Files/Documenten/School/UDC/UntitledDungeonCrawler/KokkieGameJam2020/KokkieGameJam2020/KokkieGameJam/Saved/Config/Windows/Scalability.ini]
[2020.07.11-10.39.11:358][  0]LogConfig: Setting CVar [[r.MotionBlurQuality:4]]
[2020.07.11-10.39.11:358][  0]LogConfig: Setting CVar [[r.AmbientOcclusionMipLevelFactor:0.4]]
[2020.07.11-10.39.11:358][  0]LogConfig: Setting CVar [[r.AmbientOcclusionMaxQuality:100]]
[2020.07.11-10.39.11:358][  0]LogConfig: Setting CVar [[r.AmbientOcclusionLevels:-1]]
[2020.07.11-10.39.11:358][  0]LogConfig: Setting CVar [[r.AmbientOcclusionRadiusScale:1.0]]
[2020.07.11-10.39.11:358][  0]LogConfig: Setting CVar [[r.DepthOfFieldQuality:2]]
[2020.07.11-10.39.11:358][  0]LogConfig: Setting CVar [[r.RenderTargetPoolMin:400]]
[2020.07.11-10.39.11:358][  0]LogConfig: Setting CVar [[r.LensFlareQuality:2]]
[2020.07.11-10.39.11:358][  0]LogConfig: Setting CVar [[r.SceneColorFringeQuality:1]]
[2020.07.11-10.39.11:358][  0]LogConfig: Setting CVar [[r.EyeAdaptationQuality:2]]
[2020.07.11-10.39.11:358][  0]LogConfig: Setting CVar [[r.BloomQuality:5]]
[2020.07.11-10.39.11:358][  0]LogConfig: Setting CVar [[r.FastBlurThreshold:100]]
[2020.07.11-10.39.11:358][  0]LogConfig: Setting CVar [[r.Upscale.Quality:3]]
[2020.07.11-10.39.11:358][  0]LogConfig: Setting CVar [[r.Tonemapper.GrainQuantization:1]]
[2020.07.11-10.39.11:358][  0]LogConfig: Setting CVar [[r.LightShaftQuality:1]]
[2020.07.11-10.39.11:358][  0]LogConfig: Setting CVar [[r.Filter.SizeScale:1]]
[2020.07.11-10.39.11:358][  0]LogConfig: Setting CVar [[r.Tonemapper.Quality:5]]
[2020.07.11-10.39.11:358][  0]LogConfig: Setting CVar [[r.DOF.Gather.AccumulatorQuality:1        ; higher gathering accumulator quality]]
[2020.07.11-10.39.11:358][  0]LogConfig: Setting CVar [[r.DOF.Gather.PostfilterMethod:1          ; Median3x3 postfilering method]]
[2020.07.11-10.39.11:358][  0]LogConfig: Setting CVar [[r.DOF.Gather.EnableBokehSettings:0       ; no bokeh simulation when gathering]]
[2020.07.11-10.39.11:358][  0]LogConfig: Setting CVar [[r.DOF.Gather.RingCount:4                 ; medium number of samples when gathering]]
[2020.07.11-10.39.11:358][  0]LogConfig: Setting CVar [[r.DOF.Scatter.ForegroundCompositing:1    ; additive foreground scattering]]
[2020.07.11-10.39.11:358][  0]LogConfig: Setting CVar [[r.DOF.Scatter.BackgroundCompositing:2    ; additive background scattering]]
[2020.07.11-10.39.11:358][  0]LogConfig: Setting CVar [[r.DOF.Scatter.EnableBokehSettings:1      ; bokeh simulation when scattering]]
[2020.07.11-10.39.11:358][  0]LogConfig: Setting CVar [[r.DOF.Scatter.MaxSpriteRatio:0.1         ; only a maximum of 10% of scattered bokeh]]
[2020.07.11-10.39.11:358][  0]LogConfig: Setting CVar [[r.DOF.Recombine.Quality:1                ; cheap slight out of focus]]
[2020.07.11-10.39.11:358][  0]LogConfig: Setting CVar [[r.DOF.Recombine.EnableBokehSettings:0    ; no bokeh simulation on slight out of focus]]
[2020.07.11-10.39.11:358][  0]LogConfig: Setting CVar [[r.DOF.TemporalAAQuality:1                ; more stable temporal accumulation]]
[2020.07.11-10.39.11:358][  0]LogConfig: Setting CVar [[r.DOF.Kernel.MaxForegroundRadius:0.025]]
[2020.07.11-10.39.11:358][  0]LogConfig: Setting CVar [[r.DOF.Kernel.MaxBackgroundRadius:0.025]]
[2020.07.11-10.39.11:358][  0]LogConfig: Applying CVar settings from Section [TextureQuality@3] File [D:/Local Files/Documenten/School/UDC/UntitledDungeonCrawler/KokkieGameJam2020/KokkieGameJam2020/KokkieGameJam/Saved/Config/Windows/Scalability.ini]
[2020.07.11-10.39.11:358][  0]LogConfig: Setting CVar [[r.Streaming.MipBias:0]]
[2020.07.11-10.39.11:358][  0]LogConfig: Setting CVar [[r.Streaming.AmortizeCPUToGPUCopy:0]]
[2020.07.11-10.39.11:358][  0]LogConfig: Setting CVar [[r.Streaming.MaxNumTexturesToStreamPerFrame:0]]
[2020.07.11-10.39.11:358][  0]LogConfig: Setting CVar [[r.Streaming.Boost:1]]
[2020.07.11-10.39.11:358][  0]LogConfig: Setting CVar [[r.MaxAnisotropy:8]]
[2020.07.11-10.39.11:358][  0]LogConfig: Setting CVar [[r.VT.MaxAnisotropy:8]]
[2020.07.11-10.39.11:358][  0]LogConfig: Setting CVar [[r.Streaming.LimitPoolSizeToVRAM:0]]
[2020.07.11-10.39.11:358][  0]LogConfig: Setting CVar [[r.Streaming.PoolSize:1000]]
[2020.07.11-10.39.11:358][  0]LogConfig: Setting CVar [[r.Streaming.MaxEffectiveScreenSize:0]]
[2020.07.11-10.39.11:358][  0]LogConfig: Applying CVar settings from Section [EffectsQuality@3] File [D:/Local Files/Documenten/School/UDC/UntitledDungeonCrawler/KokkieGameJam2020/KokkieGameJam2020/KokkieGameJam/Saved/Config/Windows/Scalability.ini]
[2020.07.11-10.39.11:358][  0]LogConfig: Setting CVar [[r.TranslucencyLightingVolumeDim:64]]
[2020.07.11-10.39.11:358][  0]LogConfig: Setting CVar [[r.RefractionQuality:2]]
[2020.07.11-10.39.11:358][  0]LogConfig: Setting CVar [[r.SSR.Quality:3]]
[2020.07.11-10.39.11:358][  0]LogConfig: Setting CVar [[r.SSR.HalfResSceneColor:0]]
[2020.07.11-10.39.11:358][  0]LogConfig: Setting CVar [[r.SceneColorFormat:4]]
[2020.07.11-10.39.11:358][  0]LogConfig: Setting CVar [[r.DetailMode:2]]
[2020.07.11-10.39.11:358][  0]LogConfig: Setting CVar [[r.TranslucencyVolumeBlur:1]]
[2020.07.11-10.39.11:358][  0]LogConfig: Setting CVar [[r.MaterialQualityLevel:1 ; High quality]]
[2020.07.11-10.39.11:358][  0]LogConfig: Setting CVar [[r.SSS.Scale:1]]
[2020.07.11-10.39.11:358][  0]LogConfig: Setting CVar [[r.SSS.SampleSet:2]]
[2020.07.11-10.39.11:358][  0]LogConfig: Setting CVar [[r.SSS.Quality:1]]
[2020.07.11-10.39.11:358][  0]LogConfig: Setting CVar [[r.SSS.HalfRes:1]]
[2020.07.11-10.39.11:358][  0]LogConfig: Setting CVar [[r.SSGI.Quality:3]]
[2020.07.11-10.39.11:358][  0]LogConfig: Setting CVar [[r.EmitterSpawnRateScale:1.0]]
[2020.07.11-10.39.11:358][  0]LogConfig: Setting CVar [[r.ParticleLightQuality:2]]
[2020.07.11-10.39.11:358][  0]LogConfig: Setting CVar [[r.SkyAtmosphere.AerialPerspectiveLUT.FastApplyOnOpaque:1 ; Always have FastSkyLUT 1 in this case to avoid wrong sky]]
[2020.07.11-10.39.11:358][  0]LogConfig: Setting CVar [[r.SkyAtmosphere.AerialPerspectiveLUT.SampleCountPerSlice:1]]
[2020.07.11-10.39.11:358][  0]LogConfig: Setting CVar [[r.SkyAtmosphere.AerialPerspectiveLUT.DepthResolution:16.0]]
[2020.07.11-10.39.11:358][  0]LogConfig: Setting CVar [[r.SkyAtmosphere.FastSkyLUT:1]]
[2020.07.11-10.39.11:358][  0]LogConfig: Setting CVar [[r.SkyAtmosphere.FastSkyLUT.SampleCountMin:4.0]]
[2020.07.11-10.39.11:358][  0]LogConfig: Setting CVar [[r.SkyAtmosphere.FastSkyLUT.SampleCountMax:32.0]]
[2020.07.11-10.39.11:358][  0]LogConfig: Setting CVar [[r.SkyAtmosphere.SampleCountMin:4.0]]
[2020.07.11-10.39.11:358][  0]LogConfig: Setting CVar [[r.SkyAtmosphere.SampleCountMax:32.0]]
[2020.07.11-10.39.11:358][  0]LogConfig: Setting CVar [[r.SkyAtmosphere.TransmittanceLUT.UseSmallFormat:0]]
[2020.07.11-10.39.11:358][  0]LogConfig: Setting CVar [[r.SkyAtmosphere.TransmittanceLUT.SampleCount:10.0]]
[2020.07.11-10.39.11:358][  0]LogConfig: Setting CVar [[r.SkyAtmosphere.MultiScatteringLUT.SampleCount:15.0]]
[2020.07.11-10.39.11:358][  0]LogConfig: Applying CVar settings from Section [FoliageQuality@3] File [D:/Local Files/Documenten/School/UDC/UntitledDungeonCrawler/KokkieGameJam2020/KokkieGameJam2020/KokkieGameJam/Saved/Config/Windows/Scalability.ini]
[2020.07.11-10.39.11:358][  0]LogConfig: Setting CVar [[foliage.DensityScale:1.0]]
[2020.07.11-10.39.11:358][  0]LogConfig: Setting CVar [[grass.DensityScale:1.0]]
[2020.07.11-10.39.11:358][  0]LogConfig: Applying CVar settings from Section [ShadingQuality@3] File [D:/Local Files/Documenten/School/UDC/UntitledDungeonCrawler/KokkieGameJam2020/KokkieGameJam2020/KokkieGameJam/Saved/Config/Windows/Scalability.ini]
[2020.07.11-10.39.11:358][  0]LogConfig: Setting CVar [[r.HairStrands.SkyLighting.SampleCount:16]]
[2020.07.11-10.39.11:358][  0]LogConfig: Setting CVar [[r.HairStrands.SkyLighting.JitterIntegration:0]]
[2020.07.11-10.39.11:358][  0]LogConfig: Setting CVar [[r.HairStrands.SkyAO.SampleCount:16]]
[2020.07.11-10.39.11:359][  0]LogInit: Selected Device Profile: [Windows]
[2020.07.11-10.39.11:359][  0]LogInit: Applying CVar settings loaded from the selected device profile: [Windows]
[2020.07.11-10.39.11:361][  0]LogHAL: Display: Platform has ~ 8 GB [8542445568 / 8589934592 / 8], which maps to Default [LargestMinGB=32, LargerMinGB=12, DefaultMinGB=8, SmallerMinGB=6, SmallestMinGB=0)
[2020.07.11-10.39.11:361][  0]LogInit: Going up to parent DeviceProfile []
[2020.07.11-10.39.11:361][  0]LogConfig: Applying CVar settings from Section [ViewDistanceQuality@3] File [D:/Local Files/Documenten/School/UDC/UntitledDungeonCrawler/KokkieGameJam2020/KokkieGameJam2020/KokkieGameJam/Saved/Config/Windows/Scalability.ini]
[2020.07.11-10.39.11:361][  0]LogConfig: Setting CVar [[r.SkeletalMeshLODBias:0]]
[2020.07.11-10.39.11:361][  0]LogConfig: Setting CVar [[r.ViewDistanceScale:1.0]]
[2020.07.11-10.39.11:361][  0]LogConfig: Applying CVar settings from Section [AntiAliasingQuality@3] File [D:/Local Files/Documenten/School/UDC/UntitledDungeonCrawler/KokkieGameJam2020/KokkieGameJam2020/KokkieGameJam/Saved/Config/Windows/Scalability.ini]
[2020.07.11-10.39.11:361][  0]LogConfig: Setting CVar [[r.PostProcessAAQuality:4]]
[2020.07.11-10.39.11:361][  0]LogConfig: Applying CVar settings from Section [ShadowQuality@3] File [D:/Local Files/Documenten/School/UDC/UntitledDungeonCrawler/KokkieGameJam2020/KokkieGameJam2020/KokkieGameJam/Saved/Config/Windows/Scalability.ini]
[2020.07.11-10.39.11:361][  0]LogConfig: Setting CVar [[r.LightFunctionQuality:1]]
[2020.07.11-10.39.11:361][  0]LogConfig: Setting CVar [[r.ShadowQuality:5]]
[2020.07.11-10.39.11:361][  0]LogConfig: Setting CVar [[r.Shadow.CSM.MaxCascades:10]]
[2020.07.11-10.39.11:361][  0]LogConfig: Setting CVar [[r.Shadow.MaxResolution:2048]]
[2020.07.11-10.39.11:361][  0]LogConfig: Setting CVar [[r.Shadow.MaxCSMResolution:2048]]
[2020.07.11-10.39.11:361][  0]LogConfig: Setting CVar [[r.Shadow.RadiusThreshold:0.01]]
[2020.07.11-10.39.11:361][  0]LogConfig: Setting CVar [[r.Shadow.DistanceScale:1.0]]
[2020.07.11-10.39.11:361][  0]LogConfig: Setting CVar [[r.Shadow.CSM.TransitionScale:1.0]]
[2020.07.11-10.39.11:361][  0]LogConfig: Setting CVar [[r.Shadow.PreShadowResolutionFactor:1.0]]
[2020.07.11-10.39.11:361][  0]LogConfig: Setting CVar [[r.DistanceFieldShadowing:1]]
[2020.07.11-10.39.11:361][  0]LogConfig: Setting CVar [[r.DistanceFieldAO:1]]
[2020.07.11-10.39.11:361][  0]LogConfig: Setting CVar [[r.AOQuality:2]]
[2020.07.11-10.39.11:361][  0]LogConfig: Setting CVar [[r.VolumetricFog:1]]
[2020.07.11-10.39.11:361][  0]LogConfig: Setting CVar [[r.VolumetricFog.GridPixelSize:8]]
[2020.07.11-10.39.11:361][  0]LogConfig: Setting CVar [[r.VolumetricFog.GridSizeZ:128]]
[2020.07.11-10.39.11:361][  0]LogConfig: Setting CVar [[r.VolumetricFog.HistoryMissSupersampleCount:4]]
[2020.07.11-10.39.11:361][  0]LogConfig: Setting CVar [[r.LightMaxDrawDistanceScale:1]]
[2020.07.11-10.39.11:361][  0]LogConfig: Setting CVar [[r.CapsuleShadows:1]]
[2020.07.11-10.39.11:361][  0]LogConfig: Applying CVar settings from Section [PostProcessQuality@3] File [D:/Local Files/Documenten/School/UDC/UntitledDungeonCrawler/KokkieGameJam2020/KokkieGameJam2020/KokkieGameJam/Saved/Config/Windows/Scalability.ini]
[2020.07.11-10.39.11:361][  0]LogConfig: Setting CVar [[r.MotionBlurQuality:4]]
[2020.07.11-10.39.11:361][  0]LogConfig: Setting CVar [[r.AmbientOcclusionMipLevelFactor:0.4]]
[2020.07.11-10.39.11:361][  0]LogConfig: Setting CVar [[r.AmbientOcclusionMaxQuality:100]]
[2020.07.11-10.39.11:361][  0]LogConfig: Setting CVar [[r.AmbientOcclusionLevels:-1]]
[2020.07.11-10.39.11:361][  0]LogConfig: Setting CVar [[r.AmbientOcclusionRadiusScale:1.0]]
[2020.07.11-10.39.11:361][  0]LogConfig: Setting CVar [[r.DepthOfFieldQuality:2]]
[2020.07.11-10.39.11:361][  0]LogConfig: Setting CVar [[r.RenderTargetPoolMin:400]]
[2020.07.11-10.39.11:361][  0]LogConfig: Setting CVar [[r.LensFlareQuality:2]]
[2020.07.11-10.39.11:361][  0]LogConfig: Setting CVar [[r.SceneColorFringeQuality:1]]
[2020.07.11-10.39.11:361][  0]LogConfig: Setting CVar [[r.EyeAdaptationQuality:2]]
[2020.07.11-10.39.11:361][  0]LogConfig: Setting CVar [[r.BloomQuality:5]]
[2020.07.11-10.39.11:361][  0]LogConfig: Setting CVar [[r.FastBlurThreshold:100]]
[2020.07.11-10.39.11:361][  0]LogConfig: Setting CVar [[r.Upscale.Quality:3]]
[2020.07.11-10.39.11:361][  0]LogConfig: Setting CVar [[r.Tonemapper.GrainQuantization:1]]
[2020.07.11-10.39.11:361][  0]LogConfig: Setting CVar [[r.LightShaftQuality:1]]
[2020.07.11-10.39.11:362][  0]LogConfig: Setting CVar [[r.Filter.SizeScale:1]]
[2020.07.11-10.39.11:362][  0]LogConfig: Setting CVar [[r.Tonemapper.Quality:5]]
[2020.07.11-10.39.11:362][  0]LogConfig: Setting CVar [[r.DOF.Gather.AccumulatorQuality:1        ; higher gathering accumulator quality]]
[2020.07.11-10.39.11:362][  0]LogConfig: Setting CVar [[r.DOF.Gather.PostfilterMethod:1          ; Median3x3 postfilering method]]
[2020.07.11-10.39.11:362][  0]LogConfig: Setting CVar [[r.DOF.Gather.EnableBokehSettings:0       ; no bokeh simulation when gathering]]
[2020.07.11-10.39.11:362][  0]LogConfig: Setting CVar [[r.DOF.Gather.RingCount:4                 ; medium number of samples when gathering]]
[2020.07.11-10.39.11:362][  0]LogConfig: Setting CVar [[r.DOF.Scatter.ForegroundCompositing:1    ; additive foreground scattering]]
[2020.07.11-10.39.11:362][  0]LogConfig: Setting CVar [[r.DOF.Scatter.BackgroundCompositing:2    ; additive background scattering]]
[2020.07.11-10.39.11:362][  0]LogConfig: Setting CVar [[r.DOF.Scatter.EnableBokehSettings:1      ; bokeh simulation when scattering]]
[2020.07.11-10.39.11:362][  0]LogConfig: Setting CVar [[r.DOF.Scatter.MaxSpriteRatio:0.1         ; only a maximum of 10% of scattered bokeh]]
[2020.07.11-10.39.11:362][  0]LogConfig: Setting CVar [[r.DOF.Recombine.Quality:1                ; cheap slight out of focus]]
[2020.07.11-10.39.11:362][  0]LogConfig: Setting CVar [[r.DOF.Recombine.EnableBokehSettings:0    ; no bokeh simulation on slight out of focus]]
[2020.07.11-10.39.11:362][  0]LogConfig: Setting CVar [[r.DOF.TemporalAAQuality:1                ; more stable temporal accumulation]]
[2020.07.11-10.39.11:362][  0]LogConfig: Setting CVar [[r.DOF.Kernel.MaxForegroundRadius:0.025]]
[2020.07.11-10.39.11:362][  0]LogConfig: Setting CVar [[r.DOF.Kernel.MaxBackgroundRadius:0.025]]
[2020.07.11-10.39.11:362][  0]LogConfig: Applying CVar settings from Section [TextureQuality@3] File [D:/Local Files/Documenten/School/UDC/UntitledDungeonCrawler/KokkieGameJam2020/KokkieGameJam2020/KokkieGameJam/Saved/Config/Windows/Scalability.ini]
[2020.07.11-10.39.11:362][  0]LogConfig: Setting CVar [[r.Streaming.MipBias:0]]
[2020.07.11-10.39.11:362][  0]LogConfig: Setting CVar [[r.Streaming.AmortizeCPUToGPUCopy:0]]
[2020.07.11-10.39.11:362][  0]LogConfig: Setting CVar [[r.Streaming.MaxNumTexturesToStreamPerFrame:0]]
[2020.07.11-10.39.11:362][  0]LogConfig: Setting CVar [[r.Streaming.Boost:1]]
[2020.07.11-10.39.11:362][  0]LogConfig: Setting CVar [[r.MaxAnisotropy:8]]
[2020.07.11-10.39.11:362][  0]LogConfig: Setting CVar [[r.VT.MaxAnisotropy:8]]
[2020.07.11-10.39.11:362][  0]LogConfig: Setting CVar [[r.Streaming.LimitPoolSizeToVRAM:0]]
[2020.07.11-10.39.11:362][  0]LogConfig: Setting CVar [[r.Streaming.PoolSize:1000]]
[2020.07.11-10.39.11:362][  0]LogConfig: Setting CVar [[r.Streaming.MaxEffectiveScreenSize:0]]
[2020.07.11-10.39.11:362][  0]LogConfig: Applying CVar settings from Section [EffectsQuality@3] File [D:/Local Files/Documenten/School/UDC/UntitledDungeonCrawler/KokkieGameJam2020/KokkieGameJam2020/KokkieGameJam/Saved/Config/Windows/Scalability.ini]
[2020.07.11-10.39.11:362][  0]LogConfig: Setting CVar [[r.TranslucencyLightingVolumeDim:64]]
[2020.07.11-10.39.11:362][  0]LogConfig: Setting CVar [[r.RefractionQuality:2]]
[2020.07.11-10.39.11:362][  0]LogConfig: Setting CVar [[r.SSR.Quality:3]]
[2020.07.11-10.39.11:362][  0]LogConfig: Setting CVar [[r.SSR.HalfResSceneColor:0]]
[2020.07.11-10.39.11:362][  0]LogConfig: Setting CVar [[r.SceneColorFormat:4]]
[2020.07.11-10.39.11:362][  0]LogConfig: Setting CVar [[r.DetailMode:2]]
[2020.07.11-10.39.11:362][  0]LogConfig: Setting CVar [[r.TranslucencyVolumeBlur:1]]
[2020.07.11-10.39.11:362][  0]LogConfig: Setting CVar [[r.MaterialQualityLevel:1 ; High quality]]
[2020.07.11-10.39.11:362][  0]LogConfig: Setting CVar [[r.SSS.Scale:1]]
[2020.07.11-10.39.11:362][  0]LogConfig: Setting CVar [[r.SSS.SampleSet:2]]
[2020.07.11-10.39.11:362][  0]LogConfig: Setting CVar [[r.SSS.Quality:1]]
[2020.07.11-10.39.11:362][  0]LogConfig: Setting CVar [[r.SSS.HalfRes:1]]
[2020.07.11-10.39.11:362][  0]LogConfig: Setting CVar [[r.SSGI.Quality:3]]
[2020.07.11-10.39.11:362][  0]LogConfig: Setting CVar [[r.EmitterSpawnRateScale:1.0]]
[2020.07.11-10.39.11:362][  0]LogConfig: Setting CVar [[r.ParticleLightQuality:2]]
[2020.07.11-10.39.11:362][  0]LogConfig: Setting CVar [[r.SkyAtmosphere.AerialPerspectiveLUT.FastApplyOnOpaque:1 ; Always have FastSkyLUT 1 in this case to avoid wrong sky]]
[2020.07.11-10.39.11:362][  0]LogConfig: Setting CVar [[r.SkyAtmosphere.AerialPerspectiveLUT.SampleCountPerSlice:1]]
[2020.07.11-10.39.11:362][  0]LogConfig: Setting CVar [[r.SkyAtmosphere.AerialPerspectiveLUT.DepthResolution:16.0]]
[2020.07.11-10.39.11:362][  0]LogConfig: Setting CVar [[r.SkyAtmosphere.FastSkyLUT:1]]
[2020.07.11-10.39.11:362][  0]LogConfig: Setting CVar [[r.SkyAtmosphere.FastSkyLUT.SampleCountMin:4.0]]
[2020.07.11-10.39.11:362][  0]LogConfig: Setting CVar [[r.SkyAtmosphere.FastSkyLUT.SampleCountMax:32.0]]
[2020.07.11-10.39.11:362][  0]LogConfig: Setting CVar [[r.SkyAtmosphere.SampleCountMin:4.0]]
[2020.07.11-10.39.11:362][  0]LogConfig: Setting CVar [[r.SkyAtmosphere.SampleCountMax:32.0]]
[2020.07.11-10.39.11:362][  0]LogConfig: Setting CVar [[r.SkyAtmosphere.TransmittanceLUT.UseSmallFormat:0]]
[2020.07.11-10.39.11:362][  0]LogConfig: Setting CVar [[r.SkyAtmosphere.TransmittanceLUT.SampleCount:10.0]]
[2020.07.11-10.39.11:362][  0]LogConfig: Setting CVar [[r.SkyAtmosphere.MultiScatteringLUT.SampleCount:15.0]]
[2020.07.11-10.39.11:362][  0]LogConfig: Applying CVar settings from Section [FoliageQuality@3] File [D:/Local Files/Documenten/School/UDC/UntitledDungeonCrawler/KokkieGameJam2020/KokkieGameJam2020/KokkieGameJam/Saved/Config/Windows/Scalability.ini]
[2020.07.11-10.39.11:362][  0]LogConfig: Setting CVar [[foliage.DensityScale:1.0]]
[2020.07.11-10.39.11:362][  0]LogConfig: Setting CVar [[grass.DensityScale:1.0]]
[2020.07.11-10.39.11:362][  0]LogConfig: Applying CVar settings from Section [ShadingQuality@3] File [D:/Local Files/Documenten/School/UDC/UntitledDungeonCrawler/KokkieGameJam2020/KokkieGameJam2020/KokkieGameJam/Saved/Config/Windows/Scalability.ini]
[2020.07.11-10.39.11:362][  0]LogConfig: Setting CVar [[r.HairStrands.SkyLighting.SampleCount:16]]
[2020.07.11-10.39.11:362][  0]LogConfig: Setting CVar [[r.HairStrands.SkyLighting.JitterIntegration:0]]
[2020.07.11-10.39.11:362][  0]LogConfig: Setting CVar [[r.HairStrands.SkyAO.SampleCount:16]]
[2020.07.11-10.39.11:362][  0]LogConfig: Applying CVar settings from Section [Startup] File [../../../Engine/Config/ConsoleVariables.ini]
[2020.07.11-10.39.11:363][  0]LogConfig: Setting CVar [[net.UseAdaptiveNetUpdateFrequency:0]]
[2020.07.11-10.39.11:363][  0]LogConfig: Setting CVar [[p.chaos.AllowCreatePhysxBodies:1]]
[2020.07.11-10.39.11:363][  0]LogConfig: Applying CVar settings from Section [ConsoleVariables] File [D:/Local Files/Documenten/School/UDC/UntitledDungeonCrawler/KokkieGameJam2020/KokkieGameJam2020/KokkieGameJam/Saved/Config/Windows/Engine.ini]
[2020.07.11-10.39.11:363][  0]LogInit: Computer: MART-PC
[2020.07.11-10.39.11:363][  0]LogInit: User: marts
[2020.07.11-10.39.11:363][  0]LogInit: CPU Page size=4096, Cores=4
[2020.07.11-10.39.11:363][  0]LogInit: High frequency timer resolution =10.000000 MHz
[2020.07.11-10.39.11:363][  0]LogMemory: Memory total: Physical=8.0GB (8GB approx)
[2020.07.11-10.39.11:363][  0]LogMemory: Platform Memory Stats for Windows
[2020.07.11-10.39.11:363][  0]LogMemory: Process Physical Memory: 106.08 MB used, 106.08 MB peak
[2020.07.11-10.39.11:363][  0]LogMemory: Process Virtual Memory: 100.55 MB used, 100.55 MB peak
[2020.07.11-10.39.11:363][  0]LogMemory: Physical Memory: 4099.93 MB used,  4046.78 MB free, 8146.71 MB total
[2020.07.11-10.39.11:363][  0]LogMemory: Virtual Memory: 5137.56 MB used,  134212592.00 MB free, 134217728.00 MB total
[2020.07.11-10.39.11:366][  0]LogWindows: WindowsPlatformFeatures enabled
[2020.07.11-10.39.11:384][  0]LogInit: Using OS detected language (nl-NL).
[2020.07.11-10.39.11:384][  0]LogInit: Using OS detected locale (nl-NL).
[2020.07.11-10.39.11:385][  0]LogTextLocalizationManager: No localization for 'nl-NL' exists, so 'en' will be used for the language.
[2020.07.11-10.39.11:546][  0]LogInit: Setting process to per monitor DPI aware
[2020.07.11-10.39.11:571][  0]LogSlate: New Slate User Created.  User Index 0, Is Virtual User: 0
[2020.07.11-10.39.11:571][  0]LogSlate: Slate User Registered.  User Index 0, Is Virtual User: 0
[2020.07.11-10.39.11:776][  0]LogHMD: Failed to initialize OpenVR with code 110
[2020.07.11-10.39.11:776][  0]LogD3D11RHI: D3D11 min allowed feature level: 11_0
[2020.07.11-10.39.11:776][  0]LogD3D11RHI: D3D11 max allowed feature level: 11_0
[2020.07.11-10.39.11:776][  0]LogD3D11RHI: D3D11 adapters:
[2020.07.11-10.39.11:847][  0]LogD3D11RHI:    0. 'NVIDIA GeForce GTX 1660 SUPER' (Feature Level 11_0)
[2020.07.11-10.39.11:847][  0]LogD3D11RHI:       5991/0/4073 MB DedicatedVideo/DedicatedSystem/SharedSystem, Outputs:2, VendorId:0x10de
[2020.07.11-10.39.11:850][  0]LogD3D11RHI:    1. 'Microsoft Basic Render Driver' (Feature Level 11_0)
[2020.07.11-10.39.11:850][  0]LogD3D11RHI:       0/0/4073 MB DedicatedVideo/DedicatedSystem/SharedSystem, Outputs:0, VendorId:0x1414
[2020.07.11-10.39.11:850][  0]LogD3D11RHI: Chosen D3D11 Adapter: 0
[2020.07.11-10.39.11:857][  0]LogD3D11RHI: Creating new Direct3DDevice
[2020.07.11-10.39.11:857][  0]LogD3D11RHI:     GPU DeviceId: 0x21c4 (for the marketing name, search the web for "GPU Device Id")
[2020.07.11-10.39.11:857][  0]LogWindows: EnumDisplayDevices:
[2020.07.11-10.39.11:857][  0]LogWindows:    0. 'NVIDIA GeForce GTX 1660 SUPER' (P:1 D:1)
[2020.07.11-10.39.11:857][  0]LogWindows:    1. 'NVIDIA GeForce GTX 1660 SUPER' (P:0 D:1)
[2020.07.11-10.39.11:857][  0]LogWindows:    2. 'NVIDIA GeForce GTX 1660 SUPER' (P:0 D:0)
[2020.07.11-10.39.11:858][  0]LogWindows:    3. 'NVIDIA GeForce GTX 1660 SUPER' (P:0 D:0)
[2020.07.11-10.39.11:858][  0]LogWindows: DebugString: FoundDriverCount:4 
[2020.07.11-10.39.11:858][  0]LogD3D11RHI:     Adapter Name: NVIDIA GeForce GTX 1660 SUPER
[2020.07.11-10.39.11:858][  0]LogD3D11RHI:   Driver Version: 446.14 (internal:26.21.14.4614, unified:446.14)
[2020.07.11-10.39.11:858][  0]LogD3D11RHI:      Driver Date: 5-15-2020
[2020.07.11-10.39.11:858][  0]LogRHI: Texture pool is 4193 MB (70% of 5991 MB)
[2020.07.11-10.39.11:900][  0]LogD3D11RHI: RHI has support for 64 bit atomics
[2020.07.11-10.39.11:900][  0]LogD3D11RHI: Async texture creation enabled
[2020.07.11-10.39.11:913][  0]LogD3D11RHI: GPU Timing Frequency: 1000.000000 (Debug: 2 1)
[2020.07.11-10.39.12:326][  0]LogTargetPlatformManager: Display: Loaded TargetPlatform 'AllDesktop'
[2020.07.11-10.39.12:358][  0]LogTargetPlatformManager: Display: Loaded TargetPlatform 'Android'
[2020.07.11-10.39.12:358][  0]LogTargetPlatformManager: Display: Loaded TargetPlatform 'Android_ASTC'
[2020.07.11-10.39.12:358][  0]LogTargetPlatformManager: Display: Loaded TargetPlatform 'Android_ATC'
[2020.07.11-10.39.12:358][  0]LogTargetPlatformManager: Display: Loaded TargetPlatform 'Android_DXT'
[2020.07.11-10.39.12:358][  0]LogTargetPlatformManager: Display: Loaded TargetPlatform 'Android_ETC1'
[2020.07.11-10.39.12:358][  0]LogTargetPlatformManager: Display: Loaded TargetPlatform 'Android_ETC1a'
[2020.07.11-10.39.12:358][  0]LogTargetPlatformManager: Display: Loaded TargetPlatform 'Android_ETC2'
[2020.07.11-10.39.12:358][  0]LogTargetPlatformManager: Display: Loaded TargetPlatform 'Android_PVRTC'
[2020.07.11-10.39.12:358][  0]LogTargetPlatformManager: Display: Loaded TargetPlatform 'AndroidClient'
[2020.07.11-10.39.12:358][  0]LogTargetPlatformManager: Display: Loaded TargetPlatform 'Android_ASTCClient'
[2020.07.11-10.39.12:358][  0]LogTargetPlatformManager: Display: Loaded TargetPlatform 'Android_ATCClient'
[2020.07.11-10.39.12:358][  0]LogTargetPlatformManager: Display: Loaded TargetPlatform 'Android_DXTClient'
[2020.07.11-10.39.12:358][  0]LogTargetPlatformManager: Display: Loaded TargetPlatform 'Android_ETC1Client'
[2020.07.11-10.39.12:358][  0]LogTargetPlatformManager: Display: Loaded TargetPlatform 'Android_ETC1aClient'
[2020.07.11-10.39.12:358][  0]LogTargetPlatformManager: Display: Loaded TargetPlatform 'Android_ETC2Client'
[2020.07.11-10.39.12:358][  0]LogTargetPlatformManager: Display: Loaded TargetPlatform 'Android_PVRTCClient'
[2020.07.11-10.39.12:358][  0]LogTargetPlatformManager: Display: Loaded TargetPlatform 'Android_Multi'
[2020.07.11-10.39.12:358][  0]LogTargetPlatformManager: Display: Loaded TargetPlatform 'Android_MultiClient'
[2020.07.11-10.39.12:376][  0]LogTargetPlatformManager: Display: Loaded TargetPlatform 'IOSClient'
[2020.07.11-10.39.12:376][  0]LogTargetPlatformManager: Display: Loaded TargetPlatform 'IOS'
[2020.07.11-10.39.12:383][  0]LogTargetPlatformManager: Display: Loaded TargetPlatform 'LinuxNoEditor'
[2020.07.11-10.39.12:390][  0]LogTargetPlatformManager: Display: Loaded TargetPlatform 'LinuxClient'
[2020.07.11-10.39.12:398][  0]LogTargetPlatformManager: Display: Loaded TargetPlatform 'LinuxServer'
[2020.07.11-10.39.12:405][  0]LogTargetPlatformManager: Display: Loaded TargetPlatform 'LinuxAArch64NoEditor'
[2020.07.11-10.39.12:413][  0]LogTargetPlatformManager: Display: Loaded TargetPlatform 'LinuxAArch64Client'
[2020.07.11-10.39.12:420][  0]LogTargetPlatformManager: Display: Loaded TargetPlatform 'LinuxAArch64Server'
[2020.07.11-10.39.12:444][  0]LogTargetPlatformManager: Display: Loaded TargetPlatform 'Lumin'
[2020.07.11-10.39.12:444][  0]LogTargetPlatformManager: Display: Loaded TargetPlatform 'LuminClient'
[2020.07.11-10.39.12:458][  0]LogTargetPlatformManager: Display: Loaded TargetPlatform 'TVOSClient'
[2020.07.11-10.39.12:458][  0]LogTargetPlatformManager: Display: Loaded TargetPlatform 'TVOS'
[2020.07.11-10.39.12:466][  0]LogTargetPlatformManager: Display: Loaded TargetPlatform 'WindowsNoEditor'
[2020.07.11-10.39.12:473][  0]LogTargetPlatformManager: Display: Loaded TargetPlatform 'Windows'
[2020.07.11-10.39.12:481][  0]LogTargetPlatformManager: Display: Loaded TargetPlatform 'WindowsClient'
[2020.07.11-10.39.12:488][  0]LogTargetPlatformManager: Display: Loaded TargetPlatform 'WindowsServer'
[2020.07.11-10.39.12:488][  0]LogTargetPlatformManager: Display: Building Assets For Windows
[2020.07.11-10.39.12:491][  0]LogAudioDebug: Display: Lib vorbis DLL was dynamically loaded.
[2020.07.11-10.39.12:512][  0]LogShaderCompilers: Guid format shader working directory is -75 characters bigger than the processId version (../../../../../Local Files/Documenten/School/UDC/UntitledDungeonCrawler/KokkieGameJam2020/KokkieGameJam2020/KokkieGameJam/Intermediate/Shaders/WorkingDirectory/1472/).
[2020.07.11-10.39.12:512][  0]LogShaderCompilers: Cleaned the shader compiler working directory 'C:/Users/marts/AppData/Local/Temp/UnrealShaderWorkingDir/4E83971141FC75090D49BA80909DD4C6/'.
[2020.07.11-10.39.12:512][  0]LogXGEController: Cannot use XGE Controller as Incredibuild is not installed on this machine.
[2020.07.11-10.39.12:512][  0]LogShaderCompilers: Cannot use XGE Shader Compiler as Incredibuild is not installed on this machine.
[2020.07.11-10.39.12:512][  0]LogShaderCompilers: Display: Using Local Shader Compiler.
[2020.07.11-10.39.13:275][  0]LogDerivedDataCache: Display: Max Cache Size: 512 MB
[2020.07.11-10.39.13:344][  0]LogDerivedDataCache: Loaded boot cache 0.07s 78MB C:/Users/marts/AppData/Local/UnrealEngine/4.24/DerivedDataCache/Boot.ddc.
[2020.07.11-10.39.13:344][  0]LogDerivedDataCache: Display: Loaded Boot cache: C:/Users/marts/AppData/Local/UnrealEngine/4.24/DerivedDataCache/Boot.ddc
[2020.07.11-10.39.13:344][  0]LogDerivedDataCache: FDerivedDataBackendGraph:  Pak pak cache file ../../../../../Local Files/Documenten/School/UDC/UntitledDungeonCrawler/KokkieGameJam2020/KokkieGameJam2020/KokkieGameJam/DerivedDataCache/DDC.ddp not found, will not use a pak cache.
[2020.07.11-10.39.13:345][  0]LogDerivedDataCache: Unable to find inner node Pak for hierarchical cache Hierarchy.
[2020.07.11-10.39.13:345][  0]LogDerivedDataCache: FDerivedDataBackendGraph:  CompressedPak pak cache file ../../../../../Local Files/Documenten/School/UDC/UntitledDungeonCrawler/KokkieGameJam2020/KokkieGameJam2020/KokkieGameJam/DerivedDataCache/Compressed.ddp not found, will not use a pak cache.
[2020.07.11-10.39.13:345][  0]LogDerivedDataCache: Unable to find inner node CompressedPak for hierarchical cache Hierarchy.
[2020.07.11-10.39.13:354][  0]LogDerivedDataCache: Display: Pak cache opened for reading ../../../Engine/DerivedDataCache/Compressed.ddp.
[2020.07.11-10.39.13:354][  0]LogDerivedDataCache: FDerivedDataBackendGraph:  EnterprisePak pak cache file ../../../Enterprise/DerivedDataCache/Compressed.ddp not found, will not use a pak cache.
[2020.07.11-10.39.13:354][  0]LogDerivedDataCache: Unable to find inner node EnterprisePak for hierarchical cache Hierarchy.
[2020.07.11-10.39.13:355][  0]LogDerivedDataCache: Using Local data cache path C:/Users/marts/AppData/Local/UnrealEngine/Common/DerivedDataCache: Writable
[2020.07.11-10.39.13:355][  0]LogDerivedDataCache: Shared data cache path not found in *engine.ini, will not use an Shared cache.
[2020.07.11-10.39.13:355][  0]LogDerivedDataCache: Unable to find inner node Shared for hierarchical cache Hierarchy.
[2020.07.11-10.39.13:380][  0]LogMaterial: Verifying Global Shaders for PCD3D_SM5
[2020.07.11-10.39.13:382][  0]LogSlate: Using FreeType 2.10.0
[2020.07.11-10.39.13:383][  0]LogSlate: SlateFontServices - WITH_FREETYPE: 1, WITH_HARFBUZZ: 1
[2020.07.11-10.39.13:438][  0]LogAssetRegistry: FAssetRegistry took 0.0021 seconds to start up
[2020.07.11-10.39.13:715][  0]LogInit: Selected Device Profile: [Windows]
[2020.07.11-10.39.14:462][  0]LogMeshReduction: Using QuadricMeshReduction for automatic static mesh reduction
[2020.07.11-10.39.14:462][  0]LogMeshReduction: Using SimplygonMeshReduction for automatic skeletal mesh reduction
[2020.07.11-10.39.14:462][  0]LogMeshReduction: Using ProxyLODMeshReduction for automatic mesh merging
[2020.07.11-10.39.14:462][  0]LogMeshReduction: No distributed automatic mesh merging module available
[2020.07.11-10.39.14:462][  0]LogMeshMerging: No distributed automatic mesh merging module available
[2020.07.11-10.39.14:476][  0]LogNetVersion: KokkieGameJam 1.0.0, NetCL: 10570792, EngineNetVer: 13, GameNetVer: 0 (Checksum: 1376713100)
[2020.07.11-10.39.17:150][  0]LogPackageLocalizationCache: Processed 10 localized package path(s) for 1 prioritized culture(s) in 0.027507 seconds
[2020.07.11-10.39.17:157][  0]LogUObjectArray: 46750 objects as part of root set at end of initial load.
[2020.07.11-10.39.17:157][  0]LogUObjectAllocator: 8137160 out of 0 bytes used by permanent object pool.
[2020.07.11-10.39.17:157][  0]LogUObjectArray: CloseDisregardForGC: 0/0 objects in disregard for GC pool
[2020.07.11-10.39.17:558][  0]LogTcpMessaging: Initializing TcpMessaging bridge
[2020.07.11-10.39.17:561][  0]LogUdpMessaging: Initializing bridge on interface 0.0.0.0:0 to multicast group 230.0.0.1:6666.
[2020.07.11-10.39.17:609][  0]SourceControl: Source control is disabled
[2020.07.11-10.39.17:609][  0]SourceControl: Source control is disabled
[2020.07.11-10.39.17:610][  0]SourceControl: Source control is disabled
[2020.07.11-10.39.17:611][  0]SourceControl: Source control is disabled
[2020.07.11-10.39.17:612][  0]SourceControl: Source control is disabled
[2020.07.11-10.39.17:689][  0]LogAndroidPermission: UAndroidPermissionCallbackProxy::GetInstance
[2020.07.11-10.39.17:701][  0]LogAudioCaptureCore: Display: No Audio Capture implementations found. Audio input will be silent.
[2020.07.11-10.39.17:701][  0]LogAudioCaptureCore: Display: No Audio Capture implementations found. Audio input will be silent.
[2020.07.11-10.39.17:784][  0]LogOcInput: OculusInput pre-init called
[2020.07.11-10.39.17:791][  0]LogWindows: Failed to load 'OVRPlugin.dll' (GetLastError=126)
[2020.07.11-10.39.17:791][  0]LogWindows: File 'OVRPlugin.dll' does not exist
[2020.07.11-10.39.17:857][  0]LogEngine: Initializing Engine...
[2020.07.11-10.39.17:858][  0]LogHMD: Failed to initialize OpenVR with code 110
[2020.07.11-10.39.17:859][  0]LogStats: UGameplayTagsManager::InitializeManager -  0.000 s
[2020.07.11-10.39.18:248][  0]LogInit: Initializing FReadOnlyCVARCache
[2020.07.11-10.39.18:259][  0]LogAIModule: Creating AISystem for world Untitled
[2020.07.11-10.39.18:273][  0]LogAudioMixer: Display: Audio Mixer Platform Settings:
[2020.07.11-10.39.18:273][  0]LogAudioMixer: Display: 	Sample Rate:						  48000
[2020.07.11-10.39.18:273][  0]LogAudioMixer: Display: 	Callback Buffer Frame Size Requested: 1024
[2020.07.11-10.39.18:273][  0]LogAudioMixer: Display: 	Callback Buffer Frame Size To Use:	  1024
[2020.07.11-10.39.18:273][  0]LogAudioMixer: Display: 	Number of buffers to queue:			  2
[2020.07.11-10.39.18:273][  0]LogAudioMixer: Display: 	Max Channels (voices):				  32
[2020.07.11-10.39.18:273][  0]LogAudioMixer: Display: 	Number of Async Source Workers:		  0
[2020.07.11-10.39.18:273][  0]LogAudio: Display: AudioDevice MaxSources: 32
[2020.07.11-10.39.18:274][  0]LogAudio: Display: Using built-in audio occlusion.
[2020.07.11-10.39.18:274][  0]LogAudioMixer: Display: Initializing audio mixer.
[2020.07.11-10.39.18:332][  0]LogAudioMixer: Display: Audio Device Output Speaker Info:
[2020.07.11-10.39.18:332][  0]LogAudioMixer: Display: Name: Oortelefoon van hoofdtelefoon (Corsair VOID RGB USB Gaming Headset)
[2020.07.11-10.39.18:332][  0]LogAudioMixer: Display: Is Default: Yes
[2020.07.11-10.39.18:332][  0]LogAudioMixer: Display: Sample Rate: 48000
[2020.07.11-10.39.18:332][  0]LogAudioMixer: Display: Channel Count Used: 8
[2020.07.11-10.39.18:332][  0]LogAudioMixer: Display: Device Channel Count: 8
[2020.07.11-10.39.18:332][  0]LogAudioMixer: Display: Channel Order:
[2020.07.11-10.39.18:332][  0]LogAudioMixer: Display: 0: FrontLeft
[2020.07.11-10.39.18:332][  0]LogAudioMixer: Display: 1: FrontRight
[2020.07.11-10.39.18:332][  0]LogAudioMixer: Display: 2: FrontCenter
[2020.07.11-10.39.18:332][  0]LogAudioMixer: Display: 3: LowFrequency
[2020.07.11-10.39.18:332][  0]LogAudioMixer: Display: 4: BackLeft
[2020.07.11-10.39.18:332][  0]LogAudioMixer: Display: 5: BackRight
[2020.07.11-10.39.18:332][  0]LogAudioMixer: Display: 6: SideLeft
[2020.07.11-10.39.18:332][  0]LogAudioMixer: Display: 7: SideRight
[2020.07.11-10.39.18:526][  0]LogAudioMixer: Display: Using Audio Device Oortelefoon van hoofdtelefoon (Corsair VOID RGB USB Gaming Headset)
[2020.07.11-10.39.18:532][  0]LogInit: FAudioDevice initialized.
[2020.07.11-10.39.18:532][  0]LogNetVersion: Set ProjectVersion to 1.0.0.0. Version Checksum will be recalculated on next use.
[2020.07.11-10.39.18:710][  0]LogDerivedDataCache: Saved boot cache 0.18s 78MB C:/Users/marts/AppData/Local/UnrealEngine/4.24/DerivedDataCache/Boot.ddc.
[2020.07.11-10.39.18:711][  0]LogInit: Texture streaming: Enabled
[2020.07.11-10.39.18:721][  0]LogEngineSessionManager: EngineSessionManager initialized
[2020.07.11-10.39.18:721][  0]LogEditorSessionSummary: Verbose: Initializing EditorSessionSummaryWriter for editor session tracking
[2020.07.11-10.39.18:722][  0]LogEditorSessionSummary: EditorSessionSummaryWriter initialized
[2020.07.11-10.39.18:762][  0]LogInit: Transaction tracking system initialized
[2020.07.11-10.39.18:771][  0]BlueprintLog: New page: Editor Load
[2020.07.11-10.39.18:804][  0]LocalizationService: Localization service is disabled
[2020.07.11-10.39.18:846][  0]LogLinker: Warning: Failed to load '/Game/2DSideScrollerBP/2DSideScrollerOverview': Can't find file.
[2020.07.11-10.39.18:846][  0]LogLinker: Warning: Failed to load '/Game/2DSideScrollerBP/2DSideScrollerOverview': Can't find file.
[2020.07.11-10.39.18:846][  0]LogUObjectGlobals: Warning: Failed to find object 'Class /Game/2DSideScrollerBP/2DSideScrollerOverview.2DSideScrollerOverview_C'
[2020.07.11-10.39.19:220][  0]LogFileCache: Scanning file cache for directory 'D:/Local Files/Documenten/School/UDC/UntitledDungeonCrawler/KokkieGameJam2020/KokkieGameJam2020/KokkieGameJam/Content/' took 0.00s
[2020.07.11-10.39.19:220][  0]LogCook: Display: Max memory allowance for cook 16384mb min free memory 0mb
[2020.07.11-10.39.19:220][  0]LogCook: Display: Mobile HDR setting 1
[2020.07.11-10.39.19:901][  0]SourceControl: Source control is disabled
[2020.07.11-10.39.19:902][  0]LightingResults: New page: Lighting Build
[2020.07.11-10.39.19:902][  0]LogWorld: UWorld::CleanupWorld for Untitled, bSessionEnded=true, bCleanupResources=true
[2020.07.11-10.39.19:903][  0]LogSlate: InvalidateAllWidgets triggered.  All widgets were invalidated
[2020.07.11-10.39.19:903][  0]MapCheck: New page: Map Check
[2020.07.11-10.39.19:903][  0]LightingResults: New page: Lighting Build
[2020.07.11-10.39.19:928][  0]LogUObjectHash: Compacting FUObjectHashTables data took   2.19ms
[2020.07.11-10.39.20:094][  0]LogAIModule: Creating AISystem for world TestMap
[2020.07.11-10.39.20:106][  0]LogEditorServer: Finished looking for orphan Actors (0.000 secs)
[2020.07.11-10.39.20:132][  0]LogUObjectHash: Compacting FUObjectHashTables data took   2.28ms
[2020.07.11-10.39.20:132][  0]Cmd: MAP CHECKDEP NOCLEARLOG
[2020.07.11-10.39.20:132][  0]MapCheck: Map check complete: 0 Error(s), 0 Warning(s), took 0,075ms to complete.
[2020.07.11-10.39.20:132][  0]LogFileHelpers: Loading map 'TestMap' took 0.232
[2020.07.11-10.39.21:245][  0]LogSlate: Updating window title bar state: overlay mode, drag disabled, window buttons hidden, title bar hidden
[2020.07.11-10.39.21:252][  0]LogSlate: Updating window title bar state: overlay mode, drag disabled, window buttons hidden, title bar hidden
[2020.07.11-10.39.21:258][  0]LogSlate: Updating window title bar state: overlay mode, drag disabled, window buttons hidden, title bar hidden
[2020.07.11-10.39.21:264][  0]LogSlate: Updating window title bar state: overlay mode, drag disabled, window buttons hidden, title bar hidden
[2020.07.11-10.39.21:267][  0]LogCollectionManager: Loaded 0 collections in 0.000757 seconds
[2020.07.11-10.39.21:281][  0]LogFileCache: Scanning file cache for directory 'D:/Local Files/Documenten/School/UDC/UntitledDungeonCrawler/KokkieGameJam2020/KokkieGameJam2020/KokkieGameJam/Saved/Collections/' took 0.00s
[2020.07.11-10.39.21:281][  0]LogFileCache: Scanning file cache for directory 'D:/Local Files/Documenten/School/UDC/UntitledDungeonCrawler/KokkieGameJam2020/KokkieGameJam2020/KokkieGameJam/Content/Developers/marts/Collections/' took 0.00s
[2020.07.11-10.39.21:281][  0]LogFileCache: Scanning file cache for directory 'D:/Local Files/Documenten/School/UDC/UntitledDungeonCrawler/KokkieGameJam2020/KokkieGameJam2020/KokkieGameJam/Content/Collections/' took 0.00s
[2020.07.11-10.39.21:281][  0]LogContentBrowser: Native class hierarchy populated in 0.0080 seconds. Added 3015 classes and 717 folders.
[2020.07.11-10.39.21:285][  0]LogContentBrowser: Native class hierarchy updated for 'WidgetCarousel' in 0.0002 seconds. Added 0 classes and 0 folders.
[2020.07.11-10.39.21:347][  0]LogContentBrowser: Native class hierarchy updated for 'AddContentDialog' in 0.0003 seconds. Added 0 classes and 0 folders.
[2020.07.11-10.39.21:354][  0]LogContentBrowser: Native class hierarchy updated for 'SceneOutliner' in 0.0004 seconds. Added 2 classes and 3 folders.
[2020.07.11-10.39.21:461][  0]LogSlate: Took 0.000287 seconds to synchronously load lazily loaded font '../../../Engine/Content/Slate/Fonts/Roboto-Regular.ttf' (155K)
[2020.07.11-10.39.21:463][  0]LogSlate: Took 0.000174 seconds to synchronously load lazily loaded font '../../../Engine/Content/Slate/Fonts/Roboto-Bold.ttf' (160K)
[2020.07.11-10.39.21:467][  0]LogSlate: Took 0.000181 seconds to synchronously load lazily loaded font '../../../Engine/Content/Editor/Slate/Fonts/FontAwesome.ttf' (139K)
[2020.07.11-10.39.21:536][  0]LogRenderer: Reallocating scene render targets to support 1092x572 Format 10 NumSamples 1 (Frame:1).
[2020.07.11-10.39.21:640][  0]LogContentBrowser: Native class hierarchy updated for 'HierarchicalLODOutliner' in 0.0003 seconds. Added 0 classes and 0 folders.
[2020.07.11-10.39.21:641][  0]LogLoad: (Engine Initialization) Total time: 11.89 seconds
[2020.07.11-10.39.21:641][  0]LogLoad: (Engine Initialization) Total Blueprint compile time: 0.00 seconds
[2020.07.11-10.39.21:679][  0]LogContentStreaming: Texture pool size now 1000 MB
[2020.07.11-10.39.21:708][  1]LogFileCache: Retrieving MD5 hashes for directory 'D:/Local Files/Documenten/School/UDC/UntitledDungeonCrawler/KokkieGameJam2020/KokkieGameJam2020/KokkieGameJam/Content/' took 0.05s
[2020.07.11-10.39.48:711][566]LogAssetRegistry: Asset discovery search completed in 35.2739 seconds
[2020.07.11-10.39.48:714][566]LogCollectionManager: Fixed up redirectors for 0 collections in 0.000007 seconds (updated 0 objects)
[2020.07.11-10.48.08:258][236]LogTemp: Repeating last play command: New Editor Window (PIE)
[2020.07.11-10.48.08:267][236]LogBlueprintUserMessages: Early PlayInEditor Detection: Level '/Game/Maps/TestMap.TestMap:PersistentLevel' has LevelScriptBlueprint '/Game/Maps/TestMap.TestMap:PersistentLevel.TestMap' with GeneratedClass '/Game/Maps/TestMap.TestMap_C' with ClassGeneratedBy '/Game/Maps/TestMap.TestMap:PersistentLevel.TestMap'
[2020.07.11-10.48.08:267][236]LogPlayLevel: PlayLevel: No blueprints needed recompiling
[2020.07.11-10.48.08:268][236]PIE: New page: PIE session: TestMap (11 jul. 2020 14:48:08)
[2020.07.11-10.48.08:269][236]LogOnline: OSS: Creating online subsystem instance for: NULL
[2020.07.11-10.48.08:270][236]LogOnline: OSS: TryLoadSubsystemAndSetDefault: Loaded subsystem for module [NULL]
[2020.07.11-10.48.08:270][236]LogPlayLevel: Creating play world package: /Game/Maps/UEDPIE_0_TestMap
[2020.07.11-10.48.08:275][236]LogPlayLevel: PIE: StaticDuplicateObject took: (0.005239s)
[2020.07.11-10.48.08:277][236]LogAIModule: Creating AISystem for world TestMap
[2020.07.11-10.48.08:277][236]LogPlayLevel: PIE: World Init took: (0.001613s)
[2020.07.11-10.48.08:277][236]LogPlayLevel: PIE: Created PIE world by copying editor world from /Game/Maps/TestMap.TestMap to /Game/Maps/UEDPIE_0_TestMap.TestMap (0.007123s)
[2020.07.11-10.48.08:302][236]LogUObjectHash: Compacting FUObjectHashTables data took   1.66ms
[2020.07.11-10.48.08:303][236]LogAudioMixer: Display: Audio Mixer Platform Settings:
[2020.07.11-10.48.08:303][236]LogAudioMixer: Display: 	Sample Rate:						  48000
[2020.07.11-10.48.08:303][236]LogAudioMixer: Display: 	Callback Buffer Frame Size Requested: 1024
[2020.07.11-10.48.08:303][236]LogAudioMixer: Display: 	Callback Buffer Frame Size To Use:	  1024
[2020.07.11-10.48.08:303][236]LogAudioMixer: Display: 	Number of buffers to queue:			  2
[2020.07.11-10.48.08:303][236]LogAudioMixer: Display: 	Max Channels (voices):				  32
[2020.07.11-10.48.08:303][236]LogAudioMixer: Display: 	Number of Async Source Workers:		  0
[2020.07.11-10.48.08:303][236]LogAudio: Display: AudioDevice MaxSources: 32
[2020.07.11-10.48.08:303][236]LogAudio: Display: Using built-in audio occlusion.
[2020.07.11-10.48.08:303][236]LogAudioMixer: Display: Initializing audio mixer.
[2020.07.11-10.48.08:355][236]LogAudioMixer: Display: Audio Device Output Speaker Info:
[2020.07.11-10.48.08:355][236]LogAudioMixer: Display: Name: Oortelefoon van hoofdtelefoon (Corsair VOID RGB USB Gaming Headset)
[2020.07.11-10.48.08:355][236]LogAudioMixer: Display: Is Default: Yes
[2020.07.11-10.48.08:355][236]LogAudioMixer: Display: Sample Rate: 48000
[2020.07.11-10.48.08:355][236]LogAudioMixer: Display: Channel Count Used: 8
[2020.07.11-10.48.08:355][236]LogAudioMixer: Display: Device Channel Count: 8
[2020.07.11-10.48.08:355][236]LogAudioMixer: Display: Channel Order:
[2020.07.11-10.48.08:355][236]LogAudioMixer: Display: 0: FrontLeft
[2020.07.11-10.48.08:355][236]LogAudioMixer: Display: 1: FrontRight
[2020.07.11-10.48.08:355][236]LogAudioMixer: Display: 2: FrontCenter
[2020.07.11-10.48.08:355][236]LogAudioMixer: Display: 3: LowFrequency
[2020.07.11-10.48.08:355][236]LogAudioMixer: Display: 4: BackLeft
[2020.07.11-10.48.08:355][236]LogAudioMixer: Display: 5: BackRight
[2020.07.11-10.48.08:355][236]LogAudioMixer: Display: 6: SideLeft
[2020.07.11-10.48.08:355][236]LogAudioMixer: Display: 7: SideRight
[2020.07.11-10.48.08:517][236]LogAudioMixer: Display: Using Audio Device Oortelefoon van hoofdtelefoon (Corsair VOID RGB USB Gaming Headset)
[2020.07.11-10.48.08:519][236]LogInit: FAudioDevice initialized.
[2020.07.11-10.48.08:574][236]LogSlate: Updating window title bar state: overlay mode, drag disabled, window buttons hidden, title bar hidden
[2020.07.11-10.48.08:592][236]LogLoad: Game class is 'CustomGameModeBP_C'
[2020.07.11-10.48.08:594][236]LogWorld: Bringing World /Game/Maps/UEDPIE_0_TestMap.TestMap up for play (max tick rate 0) at 2020.07.11-12.48.08
[2020.07.11-10.48.08:595][236]LogWorld: Bringing up level for play took: 0.001890
[2020.07.11-10.48.08:595][236]LogOnline: OSS: Creating online subsystem instance for: :Context_2
[2020.07.11-10.48.08:599][236]LogContentBrowser: Native class hierarchy updated for 'MovieSceneCapture' in 0.0005 seconds. Added 20 classes and 0 folders.
[2020.07.11-10.48.08:599][236]LogGameMode: Display: Match State Changed from EnteringMap to WaitingToStart
[2020.07.11-10.48.08:599][236]LogGameState: Match State Changed from EnteringMap to WaitingToStart
[2020.07.11-10.48.08:599][236]LogGameMode: Display: Match State Changed from WaitingToStart to InProgress
[2020.07.11-10.48.08:600][236]LogGameState: Match State Changed from WaitingToStart to InProgress
[2020.07.11-10.48.08:602][236]PIE: Play in editor start time for /Game/Maps/UEDPIE_0_TestMap 0,361
[2020.07.11-10.48.08:603][236]LogBlueprintUserMessages: Late PlayInEditor Detection: Level '/Game/Maps/TestMap.TestMap:PersistentLevel' has LevelScriptBlueprint '/Game/Maps/TestMap.TestMap:PersistentLevel.TestMap' with GeneratedClass '/Game/Maps/TestMap.TestMap_C' with ClassGeneratedBy '/Game/Maps/TestMap.TestMap:PersistentLevel.TestMap'
[2020.07.11-10.48.08:646][237]LogRenderer: Reallocating scene render targets to support 1280x720 Format 10 NumSamples 1 (Frame:1).
[2020.07.11-10.48.17:412][286]LogAudioMixer: Display: No commands were queued while flushing the source manager.
[2020.07.11-10.48.17:412][286]LogAudioMixer: Display: No commands were queued while flushing the source manager.
[2020.07.11-10.48.17:412][286]LogBlueprintUserMessages: Early EndPlayMap Detection: Level '/Game/Maps/TestMap.TestMap:PersistentLevel' has LevelScriptBlueprint '/Game/Maps/TestMap.TestMap:PersistentLevel.TestMap' with GeneratedClass '/Game/Maps/TestMap.TestMap_C' with ClassGeneratedBy '/Game/Maps/TestMap.TestMap:PersistentLevel.TestMap'
[2020.07.11-10.48.17:412][286]LogSlate: Updating window title bar state: overlay mode, drag disabled, window buttons hidden, title bar hidden
[2020.07.11-10.48.17:413][286]LogWorld: BeginTearingDown for /Game/Maps/UEDPIE_0_TestMap
[2020.07.11-10.48.17:422][286]LogSlate: Window 'KokkieGameJam Game Preview Standalone (64-bit/PCD3D_SM5)' being destroyed
[2020.07.11-10.48.17:426][286]LogAudioMixer: Display: No commands were queued while flushing the source manager.
[2020.07.11-10.48.17:426][286]LogWorld: UWorld::CleanupWorld for TestMap, bSessionEnded=true, bCleanupResources=true
[2020.07.11-10.48.17:426][286]LogSlate: InvalidateAllWidgets triggered.  All widgets were invalidated
[2020.07.11-10.48.17:432][286]LogPlayLevel: Display: Shutting down PIE online subsystems
[2020.07.11-10.48.17:433][286]LogBlueprintUserMessages: Late EndPlayMap Detection: Level '/Game/Maps/TestMap.TestMap:PersistentLevel' has LevelScriptBlueprint '/Game/Maps/TestMap.TestMap:PersistentLevel.TestMap' with GeneratedClass '/Game/Maps/TestMap.TestMap_C' with ClassGeneratedBy '/Game/Maps/TestMap.TestMap:PersistentLevel.TestMap'
[2020.07.11-10.48.17:436][286]LogSlate: InvalidateAllWidgets triggered.  All widgets were invalidated
[2020.07.11-10.48.17:457][286]LogAudioMixer: Display: No commands were queued while flushing the source manager.
[2020.07.11-10.48.17:464][286]LogUObjectHash: Compacting FUObjectHashTables data took   2.20ms
[2020.07.11-10.48.17:516][290]LogPlayLevel: Display: Destroying online subsystem :Context_2
[2020.07.11-10.48.23:925][ 46]LogSlate: Took 0.000242 seconds to synchronously load lazily loaded font '../../../Engine/Content/Slate/Fonts/Roboto-Light.ttf' (167K)
[2020.07.11-10.48.23:947][ 46]LogAssetEditorSubsystem: Opening Asset editor for Blueprint /Game/Characters/CustomPlayerControllerBP.CustomPlayerControllerBP
[2020.07.11-10.48.24:111][ 46]LogContentBrowser: Native class hierarchy updated for 'BlueprintGraph' in 0.0006 seconds. Added 121 classes and 0 folders.
[2020.07.11-10.48.24:915][ 46]LogSlate: Took 0.000319 seconds to synchronously load lazily loaded font '../../../Engine/Content/Slate/Fonts/Roboto-BoldCondensed.ttf' (158K)
[2020.07.11-10.48.24:969][ 47]LogSlate: Took 0.000246 seconds to synchronously load lazily loaded font '../../../Engine/Content/Slate/Fonts/Roboto-Italic.ttf' (157K)
[2020.07.11-10.48.26:792][217]LogSlate: Window 'CustomPlayerControllerBP' being destroyed
[2020.07.11-10.49.24:364][955]LogSlate: Took 0.010178 seconds to synchronously load lazily loaded font '../../../Engine/Content/Slate/Fonts/Roboto-BoldCondensedItalic.ttf' (160K)
[2020.07.11-10.49.40:107][777]LogEditorTransaction: Undo Change Parameter Type
[2020.07.11-10.49.52:028][105]BlueprintLog: New page: Compile CustomPlayerControllerBP
[2020.07.11-10.49.52:220][105]LogUObjectHash: Compacting FUObjectHashTables data took   3.92ms
[2020.07.11-10.49.52:648][149]LogSavePackage: Moving '../../../../../Local Files/Documenten/School/UDC/UntitledDungeonCrawler/KokkieGameJam2020/KokkieGameJam2020/KokkieGameJam/Saved/CustomPlayerControllerBP62F0AFDA439C4A1B9CC9C0876AEE6755.tmp' to '../../../../../Local Files/Documenten/School/UDC/UntitledDungeonCrawler/KokkieGameJam2020/KokkieGameJam2020/KokkieGameJam/Content/Characters/CustomPlayerControllerBP.uasset'
[2020.07.11-10.49.52:664][149]AssetCheck: New page: Asset Save: CustomPlayerControllerBP
[2020.07.11-10.49.52:664][149]LogContentValidation: Display: Validating Blueprint /Game/Characters/CustomPlayerControllerBP.CustomPlayerControllerBP
[2020.07.11-10.50.03:371][390]BlueprintLog: New page: Compile CustomPlayerControllerBP
[2020.07.11-10.50.03:563][390]LogUObjectHash: Compacting FUObjectHashTables data took   3.66ms
[2020.07.11-10.50.04:061][442]LogSavePackage: Moving '../../../../../Local Files/Documenten/School/UDC/UntitledDungeonCrawler/KokkieGameJam2020/KokkieGameJam2020/KokkieGameJam/Saved/CustomPlayerControllerBPE7BCDD154A6939947836079F8A7881B9.tmp' to '../../../../../Local Files/Documenten/School/UDC/UntitledDungeonCrawler/KokkieGameJam2020/KokkieGameJam2020/KokkieGameJam/Content/Characters/CustomPlayerControllerBP.uasset'
[2020.07.11-10.50.04:072][442]AssetCheck: New page: Asset Save: CustomPlayerControllerBP
[2020.07.11-10.50.04:072][442]LogContentValidation: Display: Validating Blueprint /Game/Characters/CustomPlayerControllerBP.CustomPlayerControllerBP
[2020.07.11-10.50.06:963][772]BlueprintLog: New page: Compile CustomPlayerControllerBP
[2020.07.11-10.50.07:163][772]LogUObjectHash: Compacting FUObjectHashTables data took   3.83ms
[2020.07.11-10.50.07:580][813]LogSavePackage: Moving '../../../../../Local Files/Documenten/School/UDC/UntitledDungeonCrawler/KokkieGameJam2020/KokkieGameJam2020/KokkieGameJam/Saved/CustomPlayerControllerBP8F520332444C516F5869E593A80807FE.tmp' to '../../../../../Local Files/Documenten/School/UDC/UntitledDungeonCrawler/KokkieGameJam2020/KokkieGameJam2020/KokkieGameJam/Content/Characters/CustomPlayerControllerBP.uasset'
[2020.07.11-10.50.07:591][813]AssetCheck: New page: Asset Save: CustomPlayerControllerBP
[2020.07.11-10.50.07:591][813]LogContentValidation: Display: Validating Blueprint /Game/Characters/CustomPlayerControllerBP.CustomPlayerControllerBP
[2020.07.11-10.50.16:794][866]LogTemp: Repeating last play command: New Editor Window (PIE)
[2020.07.11-10.50.16:807][866]LogBlueprintUserMessages: Early PlayInEditor Detection: Level '/Game/Maps/TestMap.TestMap:PersistentLevel' has LevelScriptBlueprint '/Game/Maps/TestMap.TestMap:PersistentLevel.TestMap' with GeneratedClass '/Game/Maps/TestMap.TestMap_C' with ClassGeneratedBy '/Game/Maps/TestMap.TestMap:PersistentLevel.TestMap'
[2020.07.11-10.50.16:807][866]LogPlayLevel: PlayLevel: No blueprints needed recompiling
[2020.07.11-10.50.16:807][866]PIE: New page: PIE session: TestMap (11 jul. 2020 14:50:16)
[2020.07.11-10.50.16:807][866]LogPlayLevel: Creating play world package: /Game/Maps/UEDPIE_0_TestMap
[2020.07.11-10.50.16:811][866]LogPlayLevel: PIE: StaticDuplicateObject took: (0.004214s)
[2020.07.11-10.50.16:813][866]LogAIModule: Creating AISystem for world TestMap
[2020.07.11-10.50.16:813][866]LogPlayLevel: PIE: World Init took: (0.001693s)
[2020.07.11-10.50.16:813][866]LogPlayLevel: PIE: Created PIE world by copying editor world from /Game/Maps/TestMap.TestMap to /Game/Maps/UEDPIE_0_TestMap.TestMap (0.006049s)
[2020.07.11-10.50.16:845][866]LogUObjectHash: Compacting FUObjectHashTables data took   3.76ms
[2020.07.11-10.50.16:846][866]LogAudioMixer: Display: Audio Mixer Platform Settings:
[2020.07.11-10.50.16:846][866]LogAudioMixer: Display: 	Sample Rate:						  48000
[2020.07.11-10.50.16:846][866]LogAudioMixer: Display: 	Callback Buffer Frame Size Requested: 1024
[2020.07.11-10.50.16:846][866]LogAudioMixer: Display: 	Callback Buffer Frame Size To Use:	  1024
[2020.07.11-10.50.16:847][866]LogAudioMixer: Display: 	Number of buffers to queue:			  2
[2020.07.11-10.50.16:847][866]LogAudioMixer: Display: 	Max Channels (voices):				  32
[2020.07.11-10.50.16:847][866]LogAudioMixer: Display: 	Number of Async Source Workers:		  0
[2020.07.11-10.50.16:847][866]LogAudio: Display: AudioDevice MaxSources: 32
[2020.07.11-10.50.16:847][866]LogAudio: Display: Using built-in audio occlusion.
[2020.07.11-10.50.16:847][866]LogAudioMixer: Display: Initializing audio mixer.
[2020.07.11-10.50.16:891][866]LogAudioMixer: Display: Audio Device Output Speaker Info:
[2020.07.11-10.50.16:891][866]LogAudioMixer: Display: Name: Oortelefoon van hoofdtelefoon (Corsair VOID RGB USB Gaming Headset)
[2020.07.11-10.50.16:891][866]LogAudioMixer: Display: Is Default: Yes
[2020.07.11-10.50.16:891][866]LogAudioMixer: Display: Sample Rate: 48000
[2020.07.11-10.50.16:891][866]LogAudioMixer: Display: Channel Count Used: 8
[2020.07.11-10.50.16:891][866]LogAudioMixer: Display: Device Channel Count: 8
[2020.07.11-10.50.16:891][866]LogAudioMixer: Display: Channel Order:
[2020.07.11-10.50.16:891][866]LogAudioMixer: Display: 0: FrontLeft
[2020.07.11-10.50.16:891][866]LogAudioMixer: Display: 1: FrontRight
[2020.07.11-10.50.16:891][866]LogAudioMixer: Display: 2: FrontCenter
[2020.07.11-10.50.16:891][866]LogAudioMixer: Display: 3: LowFrequency
[2020.07.11-10.50.16:891][866]LogAudioMixer: Display: 4: BackLeft
[2020.07.11-10.50.16:891][866]LogAudioMixer: Display: 5: BackRight
[2020.07.11-10.50.16:891][866]LogAudioMixer: Display: 6: SideLeft
[2020.07.11-10.50.16:891][866]LogAudioMixer: Display: 7: SideRight
[2020.07.11-10.50.17:044][866]LogAudioMixer: Display: Using Audio Device Oortelefoon van hoofdtelefoon (Corsair VOID RGB USB Gaming Headset)
[2020.07.11-10.50.17:045][866]LogInit: FAudioDevice initialized.
[2020.07.11-10.50.17:081][866]LogSlate: Updating window title bar state: overlay mode, drag disabled, window buttons hidden, title bar hidden
[2020.07.11-10.50.17:082][866]LogLoad: Game class is 'CustomGameModeBP_C'
[2020.07.11-10.50.17:084][866]LogWorld: Bringing World /Game/Maps/UEDPIE_0_TestMap.TestMap up for play (max tick rate 0) at 2020.07.11-12.50.17
[2020.07.11-10.50.17:084][866]LogWorld: Bringing up level for play took: 0.001773
[2020.07.11-10.50.17:085][866]LogOnline: OSS: Creating online subsystem instance for: :Context_4
[2020.07.11-10.50.17:086][866]LogGameMode: Display: Match State Changed from EnteringMap to WaitingToStart
[2020.07.11-10.50.17:086][866]LogGameState: Match State Changed from EnteringMap to WaitingToStart
[2020.07.11-10.50.17:086][866]LogGameMode: Display: Match State Changed from WaitingToStart to InProgress
[2020.07.11-10.50.17:087][866]LogGameState: Match State Changed from WaitingToStart to InProgress
[2020.07.11-10.50.17:089][866]PIE: Play in editor start time for /Game/Maps/UEDPIE_0_TestMap 0,847
[2020.07.11-10.50.17:089][866]LogBlueprintUserMessages: Late PlayInEditor Detection: Level '/Game/Maps/TestMap.TestMap:PersistentLevel' has LevelScriptBlueprint '/Game/Maps/TestMap.TestMap:PersistentLevel.TestMap' with GeneratedClass '/Game/Maps/TestMap.TestMap_C' with ClassGeneratedBy '/Game/Maps/TestMap.TestMap:PersistentLevel.TestMap'
[2020.07.11-10.50.34:592][961]LogCharacterMovement: HumanCharacterBP_2 is stuck and failed to move! Velocity: X=-190.56 Y=-119.63 Z=0.00 Location: X=-1279.63 Y=802.84 Z=67.15 Normal: X=0.93 Y=0.37 Z=0.00 PenetrationDepth:0.000 Actor:DogCharacterBP_2 Component:BoxCollision BoneName:None (0 other events since notify)
[2020.07.11-10.51.03:592][440]LogAudioMixer: Display: No commands were queued while flushing the source manager.
[2020.07.11-10.51.03:592][440]LogAudioMixer: Display: No commands were queued while flushing the source manager.
[2020.07.11-10.51.03:592][440]LogBlueprintUserMessages: Early EndPlayMap Detection: Level '/Game/Maps/TestMap.TestMap:PersistentLevel' has LevelScriptBlueprint '/Game/Maps/TestMap.TestMap:PersistentLevel.TestMap' with GeneratedClass '/Game/Maps/TestMap.TestMap_C' with ClassGeneratedBy '/Game/Maps/TestMap.TestMap:PersistentLevel.TestMap'
[2020.07.11-10.51.03:593][440]LogSlate: Updating window title bar state: overlay mode, drag disabled, window buttons hidden, title bar hidden
[2020.07.11-10.51.03:593][440]LogWorld: BeginTearingDown for /Game/Maps/UEDPIE_0_TestMap
[2020.07.11-10.51.03:602][440]LogSlate: Window 'KokkieGameJam Game Preview Standalone (64-bit/PCD3D_SM5)' being destroyed
[2020.07.11-10.51.03:606][440]LogAudioMixer: Display: No commands were queued while flushing the source manager.
[2020.07.11-10.51.03:607][440]LogWorld: UWorld::CleanupWorld for TestMap, bSessionEnded=true, bCleanupResources=true
[2020.07.11-10.51.03:607][440]LogSlate: InvalidateAllWidgets triggered.  All widgets were invalidated
[2020.07.11-10.51.03:613][440]LogPlayLevel: Display: Shutting down PIE online subsystems
[2020.07.11-10.51.03:613][440]LogBlueprintUserMessages: Late EndPlayMap Detection: Level '/Game/Maps/TestMap.TestMap:PersistentLevel' has LevelScriptBlueprint '/Game/Maps/TestMap.TestMap:PersistentLevel.TestMap' with GeneratedClass '/Game/Maps/TestMap.TestMap_C' with ClassGeneratedBy '/Game/Maps/TestMap.TestMap:PersistentLevel.TestMap'
[2020.07.11-10.51.03:619][440]LogSlate: InvalidateAllWidgets triggered.  All widgets were invalidated
[2020.07.11-10.51.03:655][440]LogAudioMixer: Display: No commands were queued while flushing the source manager.
[2020.07.11-10.51.03:664][440]LogUObjectHash: Compacting FUObjectHashTables data took   4.16ms
[2020.07.11-10.51.03:701][442]LogPlayLevel: Display: Destroying online subsystem :Context_4
[2020.07.11-10.51.12:349][461]BlueprintLog: New page: Compile CustomPlayerControllerBP
[2020.07.11-10.51.12:544][461]LogUObjectHash: Compacting FUObjectHashTables data took   3.28ms
[2020.07.11-10.51.12:884][494]LogSavePackage: Moving '../../../../../Local Files/Documenten/School/UDC/UntitledDungeonCrawler/KokkieGameJam2020/KokkieGameJam2020/KokkieGameJam/Saved/CustomPlayerControllerBP4F53F24F40B5F184B51963AFE4E39115.tmp' to '../../../../../Local Files/Documenten/School/UDC/UntitledDungeonCrawler/KokkieGameJam2020/KokkieGameJam2020/KokkieGameJam/Content/Characters/CustomPlayerControllerBP.uasset'
[2020.07.11-10.51.12:895][494]AssetCheck: New page: Asset Save: CustomPlayerControllerBP
[2020.07.11-10.51.12:895][494]LogContentValidation: Display: Validating Blueprint /Game/Characters/CustomPlayerControllerBP.CustomPlayerControllerBP
[2020.07.11-10.51.18:473][131]LogAssetEditorSubsystem: Opening Asset editor for Blueprint /Game/Characters/PlayableCharacterBP.PlayableCharacterBP
[2020.07.11-10.51.35:890][ 79]LogAssetEditorSubsystem: Opening Asset editor for Blueprint /Game/Characters/DogCharacterBP.DogCharacterBP
[2020.07.11-10.52.12:578][312]BlueprintLog: New page: Compile DogCharacterBP
[2020.07.11-10.52.12:815][312]LogUObjectHash: Compacting FUObjectHashTables data took   3.79ms
[2020.07.11-10.52.13:408][361]LogSavePackage: Moving '../../../../../Local Files/Documenten/School/UDC/UntitledDungeonCrawler/KokkieGameJam2020/KokkieGameJam2020/KokkieGameJam/Saved/DogCharacterBP0F2CCEE7443B93A44DA6139FF0B88E4F.tmp' to '../../../../../Local Files/Documenten/School/UDC/UntitledDungeonCrawler/KokkieGameJam2020/KokkieGameJam2020/KokkieGameJam/Content/Characters/DogCharacterBP.uasset'
[2020.07.11-10.52.13:424][361]AssetCheck: New page: Asset Save: DogCharacterBP
[2020.07.11-10.52.13:424][361]LogContentValidation: Display: Validating Blueprint /Game/Characters/DogCharacterBP.DogCharacterBP
[2020.07.11-10.52.14:180][441]LogUObjectHash: Compacting FUObjectHashTables data took   4.48ms
[2020.07.11-10.52.14:408][441]LogSavePackage: Moving '../../../../../Local Files/Documenten/School/UDC/UntitledDungeonCrawler/KokkieGameJam2020/KokkieGameJam2020/KokkieGameJam/Saved/TestMap3AED1C19498337E992331294E28C704F.tmp' to '../../../../../Local Files/Documenten/School/UDC/UntitledDungeonCrawler/KokkieGameJam2020/KokkieGameJam2020/KokkieGameJam/Content/Maps/TestMap.umap'
[2020.07.11-10.52.14:443][441]LogSavePackage: Moving '../../../../../Local Files/Documenten/School/UDC/UntitledDungeonCrawler/KokkieGameJam2020/KokkieGameJam2020/KokkieGameJam/Saved/TestMap_BuiltDataC5DE6AE44464BADF7BB6F285A75DFC93.tmp' to '../../../../../Local Files/Documenten/School/UDC/UntitledDungeonCrawler/KokkieGameJam2020/KokkieGameJam2020/KokkieGameJam/Content/Maps/TestMap_BuiltData.uasset'
[2020.07.11-10.52.14:459][441]AssetCheck: New page: Asset Save: multiple assets
[2020.07.11-10.52.14:459][441]LogContentValidation: Display: Validating World /Game/Maps/TestMap.TestMap
[2020.07.11-10.52.14:459][441]LogContentValidation: Display: Validating MapBuildDataRegistry /Game/Maps/TestMap_BuiltData.TestMap_BuiltData
[2020.07.11-10.52.15:928][609]LogTemp: Repeating last play command: New Editor Window (PIE)
[2020.07.11-10.52.15:952][609]LogBlueprintUserMessages: Early PlayInEditor Detection: Level '/Game/Maps/TestMap.TestMap:PersistentLevel' has LevelScriptBlueprint '/Game/Maps/TestMap.TestMap:PersistentLevel.TestMap' with GeneratedClass '/Game/Maps/TestMap.TestMap_C' with ClassGeneratedBy '/Game/Maps/TestMap.TestMap:PersistentLevel.TestMap'
[2020.07.11-10.52.15:953][609]LogPlayLevel: PlayLevel: No blueprints needed recompiling
[2020.07.11-10.52.15:953][609]PIE: New page: PIE session: TestMap (11 jul. 2020 14:52:15)
[2020.07.11-10.52.15:953][609]LogPlayLevel: Creating play world package: /Game/Maps/UEDPIE_0_TestMap
[2020.07.11-10.52.15:957][609]LogPlayLevel: PIE: StaticDuplicateObject took: (0.004020s)
[2020.07.11-10.52.15:958][609]LogAIModule: Creating AISystem for world TestMap
[2020.07.11-10.52.15:958][609]LogPlayLevel: PIE: World Init took: (0.001263s)
[2020.07.11-10.52.15:958][609]LogPlayLevel: PIE: Created PIE world by copying editor world from /Game/Maps/TestMap.TestMap to /Game/Maps/UEDPIE_0_TestMap.TestMap (0.005468s)
[2020.07.11-10.52.15:995][609]LogUObjectHash: Compacting FUObjectHashTables data took   3.34ms
[2020.07.11-10.52.15:996][609]LogAudioMixer: Display: Audio Mixer Platform Settings:
[2020.07.11-10.52.15:996][609]LogAudioMixer: Display: 	Sample Rate:						  48000
[2020.07.11-10.52.15:996][609]LogAudioMixer: Display: 	Callback Buffer Frame Size Requested: 1024
[2020.07.11-10.52.15:996][609]LogAudioMixer: Display: 	Callback Buffer Frame Size To Use:	  1024
[2020.07.11-10.52.15:996][609]LogAudioMixer: Display: 	Number of buffers to queue:			  2
[2020.07.11-10.52.15:996][609]LogAudioMixer: Display: 	Max Channels (voices):				  32
[2020.07.11-10.52.15:996][609]LogAudioMixer: Display: 	Number of Async Source Workers:		  0
[2020.07.11-10.52.15:996][609]LogAudio: Display: AudioDevice MaxSources: 32
[2020.07.11-10.52.15:996][609]LogAudio: Display: Using built-in audio occlusion.
[2020.07.11-10.52.15:996][609]LogAudioMixer: Display: Initializing audio mixer.
[2020.07.11-10.52.16:044][609]LogAudioMixer: Display: Audio Device Output Speaker Info:
[2020.07.11-10.52.16:044][609]LogAudioMixer: Display: Name: Oortelefoon van hoofdtelefoon (Corsair VOID RGB USB Gaming Headset)
[2020.07.11-10.52.16:044][609]LogAudioMixer: Display: Is Default: Yes
[2020.07.11-10.52.16:044][609]LogAudioMixer: Display: Sample Rate: 48000
[2020.07.11-10.52.16:044][609]LogAudioMixer: Display: Channel Count Used: 8
[2020.07.11-10.52.16:044][609]LogAudioMixer: Display: Device Channel Count: 8
[2020.07.11-10.52.16:044][609]LogAudioMixer: Display: Channel Order:
[2020.07.11-10.52.16:044][609]LogAudioMixer: Display: 0: FrontLeft
[2020.07.11-10.52.16:044][609]LogAudioMixer: Display: 1: FrontRight
[2020.07.11-10.52.16:044][609]LogAudioMixer: Display: 2: FrontCenter
[2020.07.11-10.52.16:044][609]LogAudioMixer: Display: 3: LowFrequency
[2020.07.11-10.52.16:044][609]LogAudioMixer: Display: 4: BackLeft
[2020.07.11-10.52.16:044][609]LogAudioMixer: Display: 5: BackRight
[2020.07.11-10.52.16:044][609]LogAudioMixer: Display: 6: SideLeft
[2020.07.11-10.52.16:044][609]LogAudioMixer: Display: 7: SideRight
[2020.07.11-10.52.16:210][609]LogAudioMixer: Display: Using Audio Device Oortelefoon van hoofdtelefoon (Corsair VOID RGB USB Gaming Headset)
[2020.07.11-10.52.16:212][609]LogInit: FAudioDevice initialized.
[2020.07.11-10.52.16:257][609]LogSlate: Updating window title bar state: overlay mode, drag disabled, window buttons hidden, title bar hidden
[2020.07.11-10.52.16:258][609]LogLoad: Game class is 'CustomGameModeBP_C'
[2020.07.11-10.52.16:259][609]LogWorld: Bringing World /Game/Maps/UEDPIE_0_TestMap.TestMap up for play (max tick rate 0) at 2020.07.11-12.52.16
[2020.07.11-10.52.16:260][609]LogWorld: Bringing up level for play took: 0.001809
[2020.07.11-10.52.16:260][609]LogOnline: OSS: Creating online subsystem instance for: :Context_7
[2020.07.11-10.52.16:262][609]LogGameMode: Display: Match State Changed from EnteringMap to WaitingToStart
[2020.07.11-10.52.16:262][609]LogGameState: Match State Changed from EnteringMap to WaitingToStart
[2020.07.11-10.52.16:262][609]LogGameMode: Display: Match State Changed from WaitingToStart to InProgress
[2020.07.11-10.52.16:263][609]LogGameState: Match State Changed from WaitingToStart to InProgress
[2020.07.11-10.52.16:265][609]PIE: Play in editor start time for /Game/Maps/UEDPIE_0_TestMap 0,023
[2020.07.11-10.52.16:265][609]LogBlueprintUserMessages: Late PlayInEditor Detection: Level '/Game/Maps/TestMap.TestMap:PersistentLevel' has LevelScriptBlueprint '/Game/Maps/TestMap.TestMap:PersistentLevel.TestMap' with GeneratedClass '/Game/Maps/TestMap.TestMap_C' with ClassGeneratedBy '/Game/Maps/TestMap.TestMap:PersistentLevel.TestMap'
[2020.07.11-10.53.01:498][ 21]LogAudioMixer: Display: No commands were queued while flushing the source manager.
[2020.07.11-10.53.01:498][ 21]LogAudioMixer: Display: No commands were queued while flushing the source manager.
[2020.07.11-10.53.01:498][ 21]LogBlueprintUserMessages: Early EndPlayMap Detection: Level '/Game/Maps/TestMap.TestMap:PersistentLevel' has LevelScriptBlueprint '/Game/Maps/TestMap.TestMap:PersistentLevel.TestMap' with GeneratedClass '/Game/Maps/TestMap.TestMap_C' with ClassGeneratedBy '/Game/Maps/TestMap.TestMap:PersistentLevel.TestMap'
[2020.07.11-10.53.01:498][ 21]LogSlate: Updating window title bar state: overlay mode, drag disabled, window buttons hidden, title bar hidden
[2020.07.11-10.53.01:498][ 21]LogWorld: BeginTearingDown for /Game/Maps/UEDPIE_0_TestMap
[2020.07.11-10.53.01:508][ 21]LogSlate: Window 'KokkieGameJam Game Preview Standalone (64-bit/PCD3D_SM5)' being destroyed
[2020.07.11-10.53.01:512][ 21]LogAudioMixer: Display: No commands were queued while flushing the source manager.
[2020.07.11-10.53.01:512][ 21]LogWorld: UWorld::CleanupWorld for TestMap, bSessionEnded=true, bCleanupResources=true
[2020.07.11-10.53.01:512][ 21]LogSlate: InvalidateAllWidgets triggered.  All widgets were invalidated
[2020.07.11-10.53.01:527][ 21]LogPlayLevel: Display: Shutting down PIE online subsystems
[2020.07.11-10.53.01:528][ 21]LogBlueprintUserMessages: Late EndPlayMap Detection: Level '/Game/Maps/TestMap.TestMap:PersistentLevel' has LevelScriptBlueprint '/Game/Maps/TestMap.TestMap:PersistentLevel.TestMap' with GeneratedClass '/Game/Maps/TestMap.TestMap_C' with ClassGeneratedBy '/Game/Maps/TestMap.TestMap:PersistentLevel.TestMap'
[2020.07.11-10.53.01:532][ 21]LogSlate: InvalidateAllWidgets triggered.  All widgets were invalidated
[2020.07.11-10.53.01:563][ 21]LogAudioMixer: Display: No commands were queued while flushing the source manager.
[2020.07.11-10.53.01:570][ 21]LogUObjectHash: Compacting FUObjectHashTables data took   3.27ms
[2020.07.11-10.53.01:606][ 23]LogPlayLevel: Display: Destroying online subsystem :Context_7
